#
# There is insufficient memory for the Java Runtime Environment to continue.
# Native memory allocation (mmap) failed to map 37748736 bytes for G1 virtual space
# Possible reasons:
#   The system is out of physical RAM or swap space
#   The process is running with CompressedOops enabled, and the Java Heap may be blocking the growth of the native heap
# Possible solutions:
#   Reduce memory load on the system
#   Increase physical memory or swap space
#   Check if swap backing store is full
#   Decrease Java heap size (-Xmx/-Xms)
#   Decrease number of Java threads
#   Decrease Java thread stack sizes (-Xss)
#   Set larger code cache with -XX:ReservedCodeCacheSize=
#   JVM is running with Zero Based Compressed Oops mode in which the Java heap is
#     placed in the first 32GB address space. The Java Heap base address is the
#     maximum limit for the native heap growth. Please use -XX:HeapBaseMinAddress
#     to set the Java Heap base and to place the Java Heap above 32GB virtual address.
# This output file may be truncated or incomplete.
#
#  Out of Memory Error (os_windows.cpp:3600), pid=10180, tid=18940
#
# JRE version: OpenJDK Runtime Environment (21.0.2+13) (build 21.0.2+13-58)
# Java VM: OpenJDK 64-Bit Server VM (21.0.2+13-58, mixed mode, sharing, tiered, compressed oops, compressed class ptrs, g1 gc, windows-amd64)
# No core dump will be written. Minidumps are not enabled by default on client versions of Windows
#

---------------  S U M M A R Y ------------

Command Line: -XX:+ShowCodeDetailsInExceptionMessages loja.springboot.loja.LojaApplication

Host: 11th Gen Intel(R) Core(TM) i5-1135G7 @ 2.40GHz, 8 cores, 15G,  Windows 11 , 64 bit Build 22621 (10.0.22621.3235)
Time: Fri Mar 15 16:16:53 2024 Hora oficial do Brasil elapsed time: 390.762225 seconds (0d 0h 6m 30s)

---------------  T H R E A D  ---------------

Current thread (0x00000244dd2c8300):  VMThread "VM Thread"          [id=18940, stack(0x000000ccd2200000,0x000000ccd2300000) (1024K)]

Stack: [0x000000ccd2200000,0x000000ccd2300000]
Native frames: (J=compiled Java code, j=interpreted, Vv=VM code, C=native code)
V  [jvm.dll+0x6cade9]
V  [jvm.dll+0x8569c1]
V  [jvm.dll+0x858d2e]
V  [jvm.dll+0x859413]
V  [jvm.dll+0x280e56]
V  [jvm.dll+0x6c74d5]
V  [jvm.dll+0x6bbeca]
V  [jvm.dll+0x355bca]
V  [jvm.dll+0x35d816]
V  [jvm.dll+0x3ae67e]
V  [jvm.dll+0x3ae928]
V  [jvm.dll+0x3295dc]
V  [jvm.dll+0x329667]
V  [jvm.dll+0x36df1c]
V  [jvm.dll+0x36c71d]
V  [jvm.dll+0x328d51]
V  [jvm.dll+0x36be2a]
V  [jvm.dll+0x85ef18]
V  [jvm.dll+0x860014]
V  [jvm.dll+0x860550]
V  [jvm.dll+0x8607f3]
V  [jvm.dll+0x7ff568]
V  [jvm.dll+0x6c953d]
C  [ucrtbase.dll+0x29363]
C  [KERNEL32.DLL+0x1257d]
C  [ntdll.dll+0x5aa58]

VM_Operation (0x000000ccd2dfb180): G1CollectForAllocation, mode: safepoint, requested by thread 0x00000245288ad960


---------------  P R O C E S S  ---------------

Threads class SMR info:
_java_thread_list=0x00000244dd16c270, length=22, elements={
0x00000244dd2e8bc0, 0x00000244dd2e9bd0, 0x00000244dd2ebcf0, 0x00000244dd2f1ae0,
0x00000244dd2f4a70, 0x00000244dd302ac0, 0x00000244dd304090, 0x00000244dd310160,
0x00000244dd5f5fa0, 0x00000244dd5fdde0, 0x0000024525b7edf0, 0x0000024528938720,
0x00000245288ac5b0, 0x0000024525b81550, 0x00000245288ad960, 0x00000245288aa4e0,
0x00000245288adff0, 0x00000245288aab70, 0x000002452893b510, 0x0000024528938090,
0x000002452820f120, 0x0000024528212e70
}

Java Threads: ( => current thread )
  0x00000244dd2e8bc0 JavaThread "Reference Handler"          daemon [_thread_blocked, id=11996, stack(0x000000ccd2300000,0x000000ccd2400000) (1024K)]
  0x00000244dd2e9bd0 JavaThread "Finalizer"                  daemon [_thread_blocked, id=8268, stack(0x000000ccd2400000,0x000000ccd2500000) (1024K)]
  0x00000244dd2ebcf0 JavaThread "Signal Dispatcher"          daemon [_thread_blocked, id=12376, stack(0x000000ccd2500000,0x000000ccd2600000) (1024K)]
  0x00000244dd2f1ae0 JavaThread "Attach Listener"            daemon [_thread_blocked, id=6160, stack(0x000000ccd2600000,0x000000ccd2700000) (1024K)]
  0x00000244dd2f4a70 JavaThread "Service Thread"             daemon [_thread_blocked, id=8128, stack(0x000000ccd2700000,0x000000ccd2800000) (1024K)]
  0x00000244dd302ac0 JavaThread "Monitor Deflation Thread"   daemon [_thread_blocked, id=19376, stack(0x000000ccd2800000,0x000000ccd2900000) (1024K)]
  0x00000244dd304090 JavaThread "C2 CompilerThread0"         daemon [_thread_blocked, id=704, stack(0x000000ccd2900000,0x000000ccd2a00000) (1024K)]
  0x00000244dd310160 JavaThread "C1 CompilerThread0"         daemon [_thread_blocked, id=16440, stack(0x000000ccd2a00000,0x000000ccd2b00000) (1024K)]
  0x00000244dd5f5fa0 JavaThread "Notification Thread"        daemon [_thread_blocked, id=5916, stack(0x000000ccd2b00000,0x000000ccd2c00000) (1024K)]
  0x00000244dd5fdde0 JavaThread "Common-Cleaner"             daemon [_thread_blocked, id=9436, stack(0x000000ccd2c00000,0x000000ccd2d00000) (1024K)]
  0x0000024525b7edf0 JavaThread "mysql-cj-abandoned-connection-cleanup" daemon [_thread_blocked, id=11248, stack(0x000000ccd3c00000,0x000000ccd3d00000) (1024K)]
  0x0000024528938720 JavaThread "Live Reload Server"         daemon [_thread_in_native, id=17580, stack(0x000000ccd4100000,0x000000ccd4200000) (1024K)]
  0x00000245288ac5b0 JavaThread "DestroyJavaVM"                     [_thread_blocked, id=18736, stack(0x000000ccd1b00000,0x000000ccd1c00000) (1024K)]
  0x0000024525b81550 JavaThread "Thread-5"                          [_thread_blocked, id=9528, stack(0x000000ccd1900000,0x000000ccd1a00000) (1024K)]
  0x00000245288ad960 JavaThread "restartedMain"                     [_thread_blocked, id=4536, stack(0x000000ccd2d00000,0x000000ccd2e00000) (1024K)]
  0x00000245288aa4e0 JavaThread "Catalina-utility-1"                [_thread_blocked, id=2580, stack(0x000000ccd3500000,0x000000ccd3600000) (1024K)]
  0x00000245288adff0 JavaThread "Catalina-utility-2"                [_thread_blocked, id=10704, stack(0x000000ccd3600000,0x000000ccd3700000) (1024K)]
  0x00000245288aab70 JavaThread "container-0"                       [_thread_blocked, id=17692, stack(0x000000ccd3a00000,0x000000ccd3b00000) (1024K)]
  0x000002452893b510 JavaThread "HikariPool-2 housekeeper"   daemon [_thread_blocked, id=13624, stack(0x000000ccd3b00000,0x000000ccd3c00000) (1024K)]
  0x0000024528938090 JavaThread "HikariPool-2 connection adder" daemon [_thread_blocked, id=14472, stack(0x000000ccd3d00000,0x000000ccd3e00000) (1024K)]
  0x000002452820f120 JavaThread "C2 CompilerThread1"         daemon [_thread_blocked, id=17564, stack(0x000000ccd2e00000,0x000000ccd2f00000) (1024K)]
  0x0000024528212e70 JavaThread "C2 CompilerThread2"         daemon [_thread_blocked, id=17968, stack(0x000000ccd3400000,0x000000ccd3500000) (1024K)]
Total: 22

Other Threads:
=>0x00000244dd2c8300 VMThread "VM Thread"                           [id=18940, stack(0x000000ccd2200000,0x000000ccd2300000) (1024K)]
  0x00000244dd2b2e10 WatcherThread "VM Periodic Task Thread"        [id=10868, stack(0x000000ccd2100000,0x000000ccd2200000) (1024K)]
  0x00000244bc33a070 WorkerThread "GC Thread#0"                     [id=3096, stack(0x000000ccd1c00000,0x000000ccd1d00000) (1024K)]
  0x00000245239746c0 WorkerThread "GC Thread#1"                     [id=16804, stack(0x000000ccd2f00000,0x000000ccd3000000) (1024K)]
  0x000002452393db20 WorkerThread "GC Thread#2"                     [id=8504, stack(0x000000ccd3000000,0x000000ccd3100000) (1024K)]
  0x000002452398a700 WorkerThread "GC Thread#3"                     [id=19896, stack(0x000000ccd3100000,0x000000ccd3200000) (1024K)]
  0x000002452398aaa0 WorkerThread "GC Thread#4"                     [id=3472, stack(0x000000ccd3200000,0x000000ccd3300000) (1024K)]
  0x000002452398ae40 WorkerThread "GC Thread#5"                     [id=18216, stack(0x000000ccd3300000,0x000000ccd3400000) (1024K)]
  0x000002452425d0a0 WorkerThread "GC Thread#6"                     [id=20356, stack(0x000000ccd3700000,0x000000ccd3800000) (1024K)]
  0x000002452425c960 WorkerThread "GC Thread#7"                     [id=17648, stack(0x000000ccd3800000,0x000000ccd3900000) (1024K)]
  0x00000244bc34add0 ConcurrentGCThread "G1 Main Marker"            [id=12148, stack(0x000000ccd1d00000,0x000000ccd1e00000) (1024K)]
  0x00000244bc34b8d0 WorkerThread "G1 Conc#0"                       [id=17992, stack(0x000000ccd1e00000,0x000000ccd1f00000) (1024K)]
  0x000002452425cd00 WorkerThread "G1 Conc#1"                       [id=8852, stack(0x000000ccd3900000,0x000000ccd3a00000) (1024K)]
  0x00000244dd183d80 ConcurrentGCThread "G1 Refine#0"               [id=19116, stack(0x000000ccd1f00000,0x000000ccd2000000) (1024K)]
  0x00000244dd184d50 ConcurrentGCThread "G1 Service"                [id=19156, stack(0x000000ccd2000000,0x000000ccd2100000) (1024K)]
Total: 15

Threads with active compile tasks:
C2 CompilerThread0   390854 18906       4       org.springframework.transaction.interceptor.TransactionAttributeSourcePointcut::matches (27 bytes)
C2 CompilerThread1   390855 18734       4       org.springframework.data.repository.core.RepositoryInformationSupport::getQueryMethods (77 bytes)
C2 CompilerThread2   390855 18889       4       java.util.concurrent.ConcurrentHashMap$CollectionView::toArray (204 bytes)
Total: 3

VM state: at safepoint (normal execution)

VM Mutex/Monitor currently owned by a thread:  ([mutex/lock_event])
[0x00007ff85027cd68] Threads_lock - owner thread: 0x00000244dd2c8300
[0x00007ff85027ce68] Heap_lock - owner thread: 0x00000245288ad960

Heap address: 0x0000000704200000, size: 4030 MB, Compressed Oops mode: Zero based, Oop shift amount: 3

CDS archive(s) mapped at: [0x00000244de000000-0x00000244dec90000-0x00000244dec90000), size 13172736, SharedBaseAddress: 0x00000244de000000, ArchiveRelocationMode: 1.
Compressed class space mapped at: 0x00000244df000000-0x000002451f000000, reserved size: 1073741824
Narrow klass base: 0x00000244de000000, Narrow klass shift: 0, Narrow klass range: 0x100000000

GC Precious Log:
 CardTable entry size: 512
 Card Set container configuration: InlinePtr #cards 4 size 8 Array Of Cards #cards 16 size 48 Howl #buckets 8 coarsen threshold 3686 Howl Bitmap #cards 512 size 80 coarsen threshold 460 Card regions per heap region 1 cards per card region 4096
 CPUs: 8 total, 8 available
 Memory: 16118M
 Large Page Support: Disabled
 NUMA Support: Disabled
 Compressed Oops: Enabled (Zero based)
 Heap Region Size: 2M
 Heap Min Capacity: 8M
 Heap Initial Capacity: 252M
 Heap Max Capacity: 4030M
 Pre-touch: Disabled
 Parallel Workers: 8
 Concurrent Workers: 2
 Concurrent Refinement Workers: 8
 Periodic GC: Disabled

Heap:
 garbage-first heap   total 137216K, used 63685K [0x0000000704200000, 0x0000000800000000)
  region size 2048K, 3 young (6144K), 3 survivors (6144K)
 Metaspace       used 97637K, committed 98624K, reserved 1179648K
  class space    used 12721K, committed 13184K, reserved 1048576K

Heap Regions: E=young(eden), S=young(survivor), O=old, HS=humongous(starts), HC=humongous(continues), CS=collection set, F=free, TAMS=top-at-mark-start, PB=parsable bottom
|   0|0x0000000704200000, 0x0000000704400000, 0x0000000704400000|100%| O|  |TAMS 0x0000000704200000| PB 0x0000000704200000| Untracked 
|   1|0x0000000704400000, 0x00000007045ffff8, 0x0000000704600000| 99%| O|  |TAMS 0x0000000704400000| PB 0x0000000704400000| Untracked 
|   2|0x0000000704600000, 0x00000007047fffe8, 0x0000000704800000| 99%| O|  |TAMS 0x0000000704600000| PB 0x0000000704600000| Untracked 
|   3|0x0000000704800000, 0x0000000704a00000, 0x0000000704a00000|100%| O|  |TAMS 0x0000000704800000| PB 0x0000000704800000| Untracked 
|   4|0x0000000704a00000, 0x0000000704bfffe0, 0x0000000704c00000| 99%| O|  |TAMS 0x0000000704a00000| PB 0x0000000704a00000| Untracked 
|   5|0x0000000704c00000, 0x0000000704dffff8, 0x0000000704e00000| 99%| O|  |TAMS 0x0000000704c00000| PB 0x0000000704c00000| Untracked 
|   6|0x0000000704e00000, 0x0000000705000000, 0x0000000705000000|100%| O|  |TAMS 0x0000000704e00000| PB 0x0000000704e00000| Untracked 
|   7|0x0000000705000000, 0x00000007051fffb0, 0x0000000705200000| 99%| O|  |TAMS 0x0000000705000000| PB 0x0000000705000000| Untracked 
|   8|0x0000000705200000, 0x00000007053ffff8, 0x0000000705400000| 99%| O|  |TAMS 0x0000000705200000| PB 0x0000000705200000| Untracked 
|   9|0x0000000705400000, 0x0000000705600000, 0x0000000705600000|100%| O|  |TAMS 0x0000000705400000| PB 0x0000000705400000| Untracked 
|  10|0x0000000705600000, 0x00000007057ffcc0, 0x0000000705800000| 99%| O|  |TAMS 0x0000000705600000| PB 0x0000000705600000| Untracked 
|  11|0x0000000705800000, 0x0000000705a00000, 0x0000000705a00000|100%| O|  |TAMS 0x0000000705800000| PB 0x0000000705800000| Untracked 
|  12|0x0000000705a00000, 0x0000000705c00000, 0x0000000705c00000|100%| O|  |TAMS 0x0000000705a00000| PB 0x0000000705a00000| Untracked 
|  13|0x0000000705c00000, 0x0000000705dffff0, 0x0000000705e00000| 99%| O|  |TAMS 0x0000000705c00000| PB 0x0000000705c00000| Untracked 
|  14|0x0000000705e00000, 0x0000000705ffffe0, 0x0000000706000000| 99%| O|  |TAMS 0x0000000705e00000| PB 0x0000000705e00000| Untracked 
|  15|0x0000000706000000, 0x0000000706000000, 0x0000000706200000|  0%| F|  |TAMS 0x0000000706000000| PB 0x0000000706000000| Untracked 
|  16|0x0000000706200000, 0x00000007063fffd0, 0x0000000706400000| 99%| O|  |TAMS 0x0000000706200000| PB 0x0000000706200000| Untracked 
|  17|0x0000000706400000, 0x00000007065fffb8, 0x0000000706600000| 99%| O|  |TAMS 0x0000000706400000| PB 0x0000000706400000| Untracked 
|  18|0x0000000706600000, 0x0000000706600000, 0x0000000706800000|  0%| F|  |TAMS 0x0000000706600000| PB 0x0000000706600000| Untracked 
|  19|0x0000000706800000, 0x00000007069fffe0, 0x0000000706a00000| 99%| O|  |TAMS 0x0000000706800000| PB 0x0000000706800000| Untracked 
|  20|0x0000000706a00000, 0x0000000706bfbbd8, 0x0000000706c00000| 99%| O|  |TAMS 0x0000000706a00000| PB 0x0000000706a00000| Untracked 
|  21|0x0000000706c00000, 0x0000000706e00000, 0x0000000706e00000|100%| O|  |TAMS 0x0000000706c00000| PB 0x0000000706c00000| Untracked 
|  22|0x0000000706e00000, 0x0000000707000000, 0x0000000707000000|100%| O|  |TAMS 0x0000000706e00000| PB 0x0000000706e00000| Untracked 
|  23|0x0000000707000000, 0x00000007071bb230, 0x0000000707200000| 86%| O|  |TAMS 0x0000000707000000| PB 0x0000000707000000| Untracked 
|  24|0x0000000707200000, 0x0000000707400000, 0x0000000707400000|100%| O|  |TAMS 0x0000000707200000| PB 0x0000000707200000| Untracked 
|  25|0x0000000707400000, 0x0000000707600000, 0x0000000707600000|100%| O|  |TAMS 0x0000000707400000| PB 0x0000000707400000| Untracked 
|  26|0x0000000707600000, 0x0000000707704100, 0x0000000707800000| 50%| O|  |TAMS 0x0000000707600000| PB 0x0000000707600000| Untracked 
|  27|0x0000000707800000, 0x0000000707a00000, 0x0000000707a00000|100%| O|  |TAMS 0x0000000707800000| PB 0x0000000707800000| Untracked 
|  28|0x0000000707a00000, 0x0000000707a00000, 0x0000000707c00000|  0%| F|  |TAMS 0x0000000707a00000| PB 0x0000000707a00000| Untracked 
|  29|0x0000000707c00000, 0x0000000707e00000, 0x0000000707e00000|100%| O|  |TAMS 0x0000000707c00000| PB 0x0000000707c00000| Untracked 
|  30|0x0000000707e00000, 0x0000000708000000, 0x0000000708000000|100%| O|  |TAMS 0x0000000707e00000| PB 0x0000000707e00000| Untracked 
|  31|0x0000000708000000, 0x0000000708200000, 0x0000000708200000|100%| O|  |TAMS 0x0000000708000000| PB 0x0000000708000000| Untracked 
|  32|0x0000000708200000, 0x0000000708200000, 0x0000000708400000|  0%| F|  |TAMS 0x0000000708200000| PB 0x0000000708200000| Untracked 
|  33|0x0000000708400000, 0x0000000708576b30, 0x0000000708600000| 73%| S|CS|TAMS 0x0000000708400000| PB 0x0000000708400000| Complete 
|  34|0x0000000708600000, 0x0000000708800000, 0x0000000708800000|100%| S|CS|TAMS 0x0000000708600000| PB 0x0000000708600000| Complete 
|  35|0x0000000708800000, 0x0000000708a00000, 0x0000000708a00000|100%| S|CS|TAMS 0x0000000708800000| PB 0x0000000708800000| Complete 
|  36|0x0000000708a00000, 0x0000000708a00000, 0x0000000708c00000|  0%| F|  |TAMS 0x0000000708a00000| PB 0x0000000708a00000| Untracked 
|  37|0x0000000708c00000, 0x0000000708c00000, 0x0000000708e00000|  0%| F|  |TAMS 0x0000000708c00000| PB 0x0000000708c00000| Untracked 
|  38|0x0000000708e00000, 0x0000000708e00000, 0x0000000709000000|  0%| F|  |TAMS 0x0000000708e00000| PB 0x0000000708e00000| Untracked 
|  39|0x0000000709000000, 0x0000000709000000, 0x0000000709200000|  0%| F|  |TAMS 0x0000000709000000| PB 0x0000000709000000| Untracked 
|  40|0x0000000709200000, 0x0000000709200000, 0x0000000709400000|  0%| F|  |TAMS 0x0000000709200000| PB 0x0000000709200000| Untracked 
|  41|0x0000000709400000, 0x0000000709400000, 0x0000000709600000|  0%| F|  |TAMS 0x0000000709400000| PB 0x0000000709400000| Untracked 
|  42|0x0000000709600000, 0x0000000709600000, 0x0000000709800000|  0%| F|  |TAMS 0x0000000709600000| PB 0x0000000709600000| Untracked 
|  43|0x0000000709800000, 0x0000000709800000, 0x0000000709a00000|  0%| F|  |TAMS 0x0000000709800000| PB 0x0000000709800000| Untracked 
|  44|0x0000000709a00000, 0x0000000709a00000, 0x0000000709c00000|  0%| F|  |TAMS 0x0000000709a00000| PB 0x0000000709a00000| Untracked 
|  45|0x0000000709c00000, 0x0000000709c00000, 0x0000000709e00000|  0%| F|  |TAMS 0x0000000709c00000| PB 0x0000000709c00000| Untracked 
|  46|0x0000000709e00000, 0x0000000709e00000, 0x000000070a000000|  0%| F|  |TAMS 0x0000000709e00000| PB 0x0000000709e00000| Untracked 
|  47|0x000000070a000000, 0x000000070a000000, 0x000000070a200000|  0%| F|  |TAMS 0x000000070a000000| PB 0x000000070a000000| Untracked 
|  48|0x000000070a200000, 0x000000070a200000, 0x000000070a400000|  0%| F|  |TAMS 0x000000070a200000| PB 0x000000070a200000| Untracked 
|  49|0x000000070a400000, 0x000000070a400000, 0x000000070a600000|  0%| F|  |TAMS 0x000000070a400000| PB 0x000000070a400000| Untracked 
|  50|0x000000070a600000, 0x000000070a600000, 0x000000070a800000|  0%| F|  |TAMS 0x000000070a600000| PB 0x000000070a600000| Untracked 
|  51|0x000000070a800000, 0x000000070a800000, 0x000000070aa00000|  0%| F|  |TAMS 0x000000070a800000| PB 0x000000070a800000| Untracked 
|  52|0x000000070aa00000, 0x000000070aa00000, 0x000000070ac00000|  0%| F|  |TAMS 0x000000070aa00000| PB 0x000000070aa00000| Untracked 
|  53|0x000000070ac00000, 0x000000070ac00000, 0x000000070ae00000|  0%| F|  |TAMS 0x000000070ac00000| PB 0x000000070ac00000| Untracked 
|  54|0x000000070ae00000, 0x000000070ae00000, 0x000000070b000000|  0%| F|  |TAMS 0x000000070ae00000| PB 0x000000070ae00000| Untracked 
|  55|0x000000070b000000, 0x000000070b000000, 0x000000070b200000|  0%| F|  |TAMS 0x000000070b000000| PB 0x000000070b000000| Untracked 
|  56|0x000000070b200000, 0x000000070b200000, 0x000000070b400000|  0%| F|  |TAMS 0x000000070b200000| PB 0x000000070b200000| Untracked 
|  57|0x000000070b400000, 0x000000070b400000, 0x000000070b600000|  0%| F|  |TAMS 0x000000070b400000| PB 0x000000070b400000| Untracked 
|  58|0x000000070b600000, 0x000000070b600000, 0x000000070b800000|  0%| F|  |TAMS 0x000000070b600000| PB 0x000000070b600000| Untracked 
|  59|0x000000070b800000, 0x000000070b800000, 0x000000070ba00000|  0%| F|  |TAMS 0x000000070b800000| PB 0x000000070b800000| Untracked 
|  60|0x000000070ba00000, 0x000000070ba00000, 0x000000070bc00000|  0%| F|  |TAMS 0x000000070ba00000| PB 0x000000070ba00000| Untracked 
|  61|0x000000070bc00000, 0x000000070bc00000, 0x000000070be00000|  0%| F|  |TAMS 0x000000070bc00000| PB 0x000000070bc00000| Untracked 
|  62|0x000000070be00000, 0x000000070be00000, 0x000000070c000000|  0%| F|  |TAMS 0x000000070be00000| PB 0x000000070be00000| Untracked 
|  63|0x000000070c000000, 0x000000070c000000, 0x000000070c200000|  0%| F|  |TAMS 0x000000070c000000| PB 0x000000070c000000| Untracked 
|  64|0x000000070c200000, 0x000000070c200000, 0x000000070c400000|  0%| F|  |TAMS 0x000000070c200000| PB 0x000000070c200000| Untracked 
|  65|0x000000070c400000, 0x000000070c400000, 0x000000070c600000|  0%| F|  |TAMS 0x000000070c400000| PB 0x000000070c400000| Untracked 
| 125|0x0000000713c00000, 0x0000000713c00000, 0x0000000713e00000|  0%| F|  |TAMS 0x0000000713c00000| PB 0x0000000713c00000| Untracked 

Card table byte_map: [0x00000244d6130000,0x00000244d6910000] _byte_map_base: 0x00000244d290f000

Marking Bits: (CMBitMap*) 0x00000244bc33a770
 Bits: [0x00000244d6910000, 0x00000244da808000)

Polling page: 0x00000244bc380000

Metaspace:

Usage:
  Non-class:     82.93 MB used.
      Class:     12.42 MB used.
       Both:     95.35 MB used.

Virtual space:
  Non-class space:      128.00 MB reserved,      83.44 MB ( 65%) committed,  2 nodes.
      Class space:        1.00 GB reserved,      12.88 MB (  1%) committed,  1 nodes.
             Both:        1.12 GB reserved,      96.31 MB (  8%) committed. 

Chunk freelists:
   Non-Class:  11.86 MB
       Class:  3.16 MB
        Both:  15.01 MB

MaxMetaspaceSize: unlimited
CompressedClassSpaceSize: 1.00 GB
Initial GC threshold: 21.00 MB
Current GC threshold: 159.62 MB
CDS: on
 - commit_granule_bytes: 65536.
 - commit_granule_words: 8192.
 - virtual_space_node_default_size: 8388608.
 - enlarge_chunks_in_place: 1.
 - use_allocation_guard: 0.


Internal statistics:

num_allocs_failed_limit: 14.
num_arena_births: 1382.
num_arena_deaths: 8.
num_vsnodes_births: 3.
num_vsnodes_deaths: 0.
num_space_committed: 1541.
num_space_uncommitted: 0.
num_chunks_returned_to_freelist: 26.
num_chunks_taken_from_freelist: 5031.
num_chunk_merges: 15.
num_chunk_splits: 3501.
num_chunks_enlarged: 2612.
num_inconsistent_stats: 0.

CodeHeap 'non-profiled nmethods': size=120000Kb used=7751Kb max_used=7751Kb free=112248Kb
 bounds [0x00000244cd9b0000, 0x00000244ce150000, 0x00000244d4ee0000]
CodeHeap 'profiled nmethods': size=120000Kb used=19138Kb max_used=19138Kb free=100861Kb
 bounds [0x00000244c5ee0000, 0x00000244c71a0000, 0x00000244cd410000]
CodeHeap 'non-nmethods': size=5760Kb used=2460Kb max_used=2561Kb free=3299Kb
 bounds [0x00000244cd410000, 0x00000244cd6a0000, 0x00000244cd9b0000]
 total_blobs=11212 nmethods=10320 adapters=793
 compilation: enabled
              stopped_count=0, restarted_count=0
 full_count=0

Compilation events (20 events):
Event: 390.669 Thread 0x00000244dd304090 nmethod 18907 0x00000244ce141190 code [0x00000244ce1413a0, 0x00000244ce141b38]
Event: 390.669 Thread 0x00000244dd304090 18906       4       org.springframework.transaction.interceptor.TransactionAttributeSourcePointcut::matches (27 bytes)
Event: 390.671 Thread 0x00000244dd310160 18910       3       com.fasterxml.jackson.databind.module.SimpleModule::addDeserializer (43 bytes)
Event: 390.672 Thread 0x00000244dd310160 nmethod 18910 0x00000244c718d710 code [0x00000244c718d900, 0x00000244c718de50]
Event: 390.672 Thread 0x00000244dd310160 18912       3       com.fasterxml.jackson.databind.module.SimpleModule::addSerializer (43 bytes)
Event: 390.673 Thread 0x00000244dd310160 nmethod 18912 0x00000244c718e010 code [0x00000244c718e200, 0x00000244c718e7b0]
Event: 390.673 Thread 0x00000244dd310160 18911       3       com.fasterxml.jackson.databind.module.SimpleDeserializers::addDeserializer (49 bytes)
Event: 390.673 Thread 0x00000244dd310160 nmethod 18911 0x00000244c718e990 code [0x00000244c718ebc0, 0x00000244c718f370]
Event: 390.674 Thread 0x00000244dd310160 18913       3       java.util.concurrent.atomic.AtomicReference::<init> (10 bytes)
Event: 390.674 Thread 0x00000244dd310160 nmethod 18913 0x00000244c718f610 code [0x00000244c718f7c0, 0x00000244c718f990]
Event: 390.680 Thread 0x00000244dd310160 18914   !   3       jdk.proxy2.$Proxy178::annotationType (29 bytes)
Event: 390.681 Thread 0x00000244dd310160 nmethod 18914 0x00000244c718fa90 code [0x00000244c718fc60, 0x00000244c7190068]
Event: 390.681 Thread 0x00000244dd310160 18916   !   3       org.springframework.beans.factory.support.ConstructorResolver::instantiate (46 bytes)
Event: 390.681 Thread 0x00000244dd310160 nmethod 18916 0x00000244c7190210 code [0x00000244c7190420, 0x00000244c7190b10]
Event: 390.682 Thread 0x00000244dd310160 18917   !   3       org.springframework.beans.factory.support.SimpleInstantiationStrategy::instantiate (295 bytes)
Event: 390.686 Thread 0x00000244dd310160 nmethod 18917 0x00000244c7190e10 code [0x00000244c71913a0, 0x00000244c7194590]
Event: 390.693 Thread 0x00000244dd310160 18918       3       org.springframework.beans.factory.annotation.AutowiredAnnotationBeanPostProcessor::postProcessMergedBeanDefinition (45 bytes)
Event: 390.694 Thread 0x00000244dd310160 nmethod 18918 0x00000244c7195b90 code [0x00000244c7195dc0, 0x00000244c71965d8]
Event: 390.694 Thread 0x00000244dd310160 18919       3       org.springframework.beans.factory.annotation.AutowiredAnnotationBeanPostProcessor::findInjectionMetadata (18 bytes)
Event: 390.694 Thread 0x00000244dd310160 nmethod 18919 0x00000244c7196890 code [0x00000244c7196a60, 0x00000244c7196c88]

GC Heap History (20 events):
Event: 123.623 GC heap after
{Heap after GC invocations=32 (full 8):
 garbage-first heap   total 122880K, used 55457K [0x0000000704200000, 0x0000000800000000)
  region size 2048K, 0 young (0K), 0 survivors (0K)
 Metaspace       used 94651K, committed 95616K, reserved 1179648K
  class space    used 12530K, committed 12992K, reserved 1048576K
}
Event: 191.406 GC heap before
{Heap before GC invocations=32 (full 8):
 garbage-first heap   total 122880K, used 110753K [0x0000000704200000, 0x0000000800000000)
  region size 2048K, 27 young (55296K), 0 survivors (0K)
 Metaspace       used 94750K, committed 95744K, reserved 1179648K
  class space    used 12530K, committed 12992K, reserved 1048576K
}
Event: 191.582 GC heap after
{Heap after GC invocations=33 (full 8):
 garbage-first heap   total 122880K, used 56392K [0x0000000704200000, 0x0000000800000000)
  region size 2048K, 1 young (2048K), 1 survivors (2048K)
 Metaspace       used 94750K, committed 95744K, reserved 1179648K
  class space    used 12530K, committed 12992K, reserved 1048576K
}
Event: 263.427 GC heap before
{Heap before GC invocations=34 (full 8):
 garbage-first heap   total 122880K, used 109640K [0x0000000704200000, 0x0000000800000000)
  region size 2048K, 27 young (55296K), 1 survivors (2048K)
 Metaspace       used 94752K, committed 95744K, reserved 1179648K
  class space    used 12530K, committed 12992K, reserved 1048576K
}
Event: 263.519 GC heap after
{Heap after GC invocations=35 (full 8):
 garbage-first heap   total 122880K, used 56021K [0x0000000704200000, 0x0000000800000000)
  region size 2048K, 1 young (2048K), 1 survivors (2048K)
 Metaspace       used 94752K, committed 95744K, reserved 1179648K
  class space    used 12530K, committed 12992K, reserved 1048576K
}
Event: 340.324 GC heap before
{Heap before GC invocations=35 (full 8):
 garbage-first heap   total 122880K, used 111317K [0x0000000704200000, 0x0000000800000000)
  region size 2048K, 28 young (57344K), 1 survivors (2048K)
 Metaspace       used 94756K, committed 95744K, reserved 1179648K
  class space    used 12530K, committed 12992K, reserved 1048576K
}
Event: 340.373 GC heap after
{Heap after GC invocations=36 (full 8):
 garbage-first heap   total 122880K, used 55734K [0x0000000704200000, 0x0000000800000000)
  region size 2048K, 1 young (2048K), 1 survivors (2048K)
 Metaspace       used 94756K, committed 95744K, reserved 1179648K
  class space    used 12530K, committed 12992K, reserved 1048576K
}
Event: 381.119 GC heap before
{Heap before GC invocations=36 (full 8):
 garbage-first heap   total 122880K, used 88502K [0x0000000704200000, 0x0000000800000000)
  region size 2048K, 18 young (36864K), 1 survivors (2048K)
 Metaspace       used 94958K, committed 95936K, reserved 1179648K
  class space    used 12562K, committed 12992K, reserved 1048576K
}
Event: 383.121 GC heap after
{Heap after GC invocations=37 (full 9):
 garbage-first heap   total 122880K, used 49608K [0x0000000704200000, 0x0000000800000000)
  region size 2048K, 0 young (0K), 0 survivors (0K)
 Metaspace       used 94958K, committed 95936K, reserved 1179648K
  class space    used 12562K, committed 12992K, reserved 1048576K
}
Event: 386.706 GC heap before
{Heap before GC invocations=37 (full 9):
 garbage-first heap   total 122880K, used 111048K [0x0000000704200000, 0x0000000800000000)
  region size 2048K, 31 young (63488K), 0 survivors (0K)
 Metaspace       used 95740K, committed 96704K, reserved 1179648K
  class space    used 12614K, committed 13056K, reserved 1048576K
}
Event: 386.716 GC heap after
{Heap after GC invocations=38 (full 9):
 garbage-first heap   total 122880K, used 54387K [0x0000000704200000, 0x0000000800000000)
  region size 2048K, 3 young (6144K), 3 survivors (6144K)
 Metaspace       used 95740K, committed 96704K, reserved 1179648K
  class space    used 12614K, committed 13056K, reserved 1048576K
}
Event: 387.873 GC heap before
{Heap before GC invocations=39 (full 9):
 garbage-first heap   total 122880K, used 105587K [0x0000000704200000, 0x0000000800000000)
  region size 2048K, 28 young (57344K), 3 survivors (6144K)
 Metaspace       used 96086K, committed 97088K, reserved 1179648K
  class space    used 12643K, committed 13120K, reserved 1048576K
}
Event: 387.901 GC heap after
{Heap after GC invocations=40 (full 9):
 garbage-first heap   total 122880K, used 57130K [0x0000000704200000, 0x0000000800000000)
  region size 2048K, 2 young (4096K), 2 survivors (4096K)
 Metaspace       used 96086K, committed 97088K, reserved 1179648K
  class space    used 12643K, committed 13120K, reserved 1048576K
}
Event: 389.442 GC heap before
{Heap before GC invocations=40 (full 9):
 garbage-first heap   total 122880K, used 106282K [0x0000000704200000, 0x0000000800000000)
  region size 2048K, 26 young (53248K), 2 survivors (4096K)
 Metaspace       used 96671K, committed 97664K, reserved 1179648K
  class space    used 12674K, committed 13120K, reserved 1048576K
}
Event: 389.450 GC heap after
{Heap after GC invocations=41 (full 9):
 garbage-first heap   total 122880K, used 58982K [0x0000000704200000, 0x0000000800000000)
  region size 2048K, 3 young (6144K), 3 survivors (6144K)
 Metaspace       used 96671K, committed 97664K, reserved 1179648K
  class space    used 12674K, committed 13120K, reserved 1048576K
}
Event: 389.693 GC heap before
{Heap before GC invocations=41 (full 9):
 garbage-first heap   total 122880K, used 108134K [0x0000000704200000, 0x0000000800000000)
  region size 2048K, 27 young (55296K), 3 survivors (6144K)
 Metaspace       used 96981K, committed 97984K, reserved 1179648K
  class space    used 12693K, committed 13184K, reserved 1048576K
}
Event: 389.699 GC heap after
{Heap after GC invocations=42 (full 9):
 garbage-first heap   total 122880K, used 61235K [0x0000000704200000, 0x0000000800000000)
  region size 2048K, 3 young (6144K), 3 survivors (6144K)
 Metaspace       used 96981K, committed 97984K, reserved 1179648K
  class space    used 12693K, committed 13184K, reserved 1048576K
}
Event: 389.982 GC heap before
{Heap before GC invocations=43 (full 9):
 garbage-first heap   total 131072K, used 106291K [0x0000000704200000, 0x0000000800000000)
  region size 2048K, 25 young (51200K), 3 survivors (6144K)
 Metaspace       used 97342K, committed 98304K, reserved 1179648K
  class space    used 12708K, committed 13184K, reserved 1048576K
}
Event: 389.990 GC heap after
{Heap after GC invocations=44 (full 9):
 garbage-first heap   total 131072K, used 62960K [0x0000000704200000, 0x0000000800000000)
  region size 2048K, 2 young (4096K), 2 survivors (4096K)
 Metaspace       used 97342K, committed 98304K, reserved 1179648K
  class space    used 12708K, committed 13184K, reserved 1048576K
}
Event: 390.696 GC heap before
{Heap before GC invocations=44 (full 9):
 garbage-first heap   total 131072K, used 116208K [0x0000000704200000, 0x0000000800000000)
  region size 2048K, 28 young (57344K), 2 survivors (4096K)
 Metaspace       used 97637K, committed 98624K, reserved 1179648K
  class space    used 12721K, committed 13184K, reserved 1048576K
}

Dll operation events (11 events):
Event: 0.039 Loaded shared library C:\jdk-21.0.2\bin\java.dll
Event: 0.087 Loaded shared library C:\jdk-21.0.2\bin\jsvml.dll
Event: 0.159 Loaded shared library C:\jdk-21.0.2\bin\net.dll
Event: 0.167 Loaded shared library C:\jdk-21.0.2\bin\nio.dll
Event: 0.170 Loaded shared library C:\jdk-21.0.2\bin\zip.dll
Event: 0.259 Loaded shared library C:\jdk-21.0.2\bin\jimage.dll
Event: 0.613 Loaded shared library C:\jdk-21.0.2\bin\management.dll
Event: 0.615 Loaded shared library C:\jdk-21.0.2\bin\management_ext.dll
Event: 2.112 Loaded shared library C:\jdk-21.0.2\bin\sunmscapi.dll
Event: 6.829 Loaded shared library C:\jdk-21.0.2\bin\verify.dll
Event: 7.430 Loaded shared library C:\jdk-21.0.2\bin\extnet.dll

Deoptimization events (20 events):
Event: 390.144 Thread 0x00000245288ad960 Uncommon trap: trap_request=0xffffffbe fr.pc=0x00000244cdc70b98 relative=0x0000000000001218
Event: 390.144 Thread 0x00000245288ad960 Uncommon trap: reason=profile_predicate action=maybe_recompile pc=0x00000244cdc70b98 method=org.springframework.core.annotation.AnnotationsScanner.processClassInheritedAnnotations(Ljava/lang/Object;Ljava/lang/Class;Lorg/springframework/core/annotation/Mer
Event: 390.144 Thread 0x00000245288ad960 DEOPT PACKING pc=0x00000244cdc70b98 sp=0x000000ccd2dfcba0
Event: 390.144 Thread 0x00000245288ad960 DEOPT UNPACKING pc=0x00000244cd467da2 sp=0x000000ccd2dfcb70 mode 2
Event: 390.144 Thread 0x00000245288ad960 Uncommon trap: trap_request=0xffffffbe fr.pc=0x00000244cdc70b98 relative=0x0000000000001218
Event: 390.145 Thread 0x00000245288ad960 Uncommon trap: reason=profile_predicate action=maybe_recompile pc=0x00000244cdc70b98 method=org.springframework.core.annotation.AnnotationsScanner.processClassInheritedAnnotations(Ljava/lang/Object;Ljava/lang/Class;Lorg/springframework/core/annotation/Mer
Event: 390.145 Thread 0x00000245288ad960 DEOPT PACKING pc=0x00000244cdc70b98 sp=0x000000ccd2dfcba0
Event: 390.145 Thread 0x00000245288ad960 DEOPT UNPACKING pc=0x00000244cd467da2 sp=0x000000ccd2dfcb70 mode 2
Event: 390.145 Thread 0x00000245288ad960 Uncommon trap: trap_request=0xffffffbe fr.pc=0x00000244cdc70b98 relative=0x0000000000001218
Event: 390.145 Thread 0x00000245288ad960 Uncommon trap: reason=profile_predicate action=maybe_recompile pc=0x00000244cdc70b98 method=org.springframework.core.annotation.AnnotationsScanner.processClassInheritedAnnotations(Ljava/lang/Object;Ljava/lang/Class;Lorg/springframework/core/annotation/Mer
Event: 390.145 Thread 0x00000245288ad960 DEOPT PACKING pc=0x00000244cdc70b98 sp=0x000000ccd2dfcba0
Event: 390.145 Thread 0x00000245288ad960 DEOPT UNPACKING pc=0x00000244cd467da2 sp=0x000000ccd2dfcb70 mode 2
Event: 390.145 Thread 0x00000245288ad960 Uncommon trap: trap_request=0xffffffbe fr.pc=0x00000244cdc70b98 relative=0x0000000000001218
Event: 390.145 Thread 0x00000245288ad960 Uncommon trap: reason=profile_predicate action=maybe_recompile pc=0x00000244cdc70b98 method=org.springframework.core.annotation.AnnotationsScanner.processClassInheritedAnnotations(Ljava/lang/Object;Ljava/lang/Class;Lorg/springframework/core/annotation/Mer
Event: 390.145 Thread 0x00000245288ad960 DEOPT PACKING pc=0x00000244cdc70b98 sp=0x000000ccd2dfcba0
Event: 390.145 Thread 0x00000245288ad960 DEOPT UNPACKING pc=0x00000244cd467da2 sp=0x000000ccd2dfcb70 mode 2
Event: 390.164 Thread 0x00000245288ad960 DEOPT PACKING pc=0x00000244c63a97eb sp=0x000000ccd2df9ad0
Event: 390.164 Thread 0x00000245288ad960 DEOPT UNPACKING pc=0x00000244cd4688e2 sp=0x000000ccd2df8f30 mode 0
Event: 390.454 Thread 0x00000245288ad960 DEOPT PACKING pc=0x00000244c6bb191d sp=0x000000ccd2dfa2a0
Event: 390.454 Thread 0x00000245288ad960 DEOPT UNPACKING pc=0x00000244cd4688e2 sp=0x000000ccd2df9778 mode 0

Classes loaded (20 events):
Event: 64.109 Loading class sun/security/provider/SecureRandom$SeederHolder
Event: 64.109 Loading class sun/security/provider/SecureRandom$SeederHolder done
Event: 75.861 Loading class java/math/BigDecimal$StringBuilderHelper
Event: 75.861 Loading class java/math/BigDecimal$StringBuilderHelper done
Event: 77.035 Loading class java/util/concurrent/locks/ReentrantReadWriteLock$Sync$HoldCounter
Event: 77.036 Loading class java/util/concurrent/locks/ReentrantReadWriteLock$Sync$HoldCounter done
Event: 380.745 Loading class java/util/concurrent/locks/AbstractQueuedSynchronizer$SharedNode
Event: 380.748 Loading class java/util/concurrent/locks/AbstractQueuedSynchronizer$SharedNode done
Event: 380.989 Loading class java/io/ObjectOutputStream$BlockDataOutputStream
Event: 380.999 Loading class java/io/ObjectOutputStream$BlockDataOutputStream done
Event: 380.999 Loading class java/io/ObjectOutputStream$HandleTable
Event: 381.003 Loading class java/io/ObjectOutputStream$HandleTable done
Event: 381.003 Loading class java/io/ObjectOutputStream$ReplaceTable
Event: 381.006 Loading class java/io/ObjectOutputStream$ReplaceTable done
Event: 381.077 Loading class java/io/FileOutputStream$1
Event: 381.078 Loading class java/io/FileOutputStream$1 done
Event: 383.123 Loading class java/lang/ref/Finalizer$2
Event: 383.130 Loading class java/lang/ref/Finalizer$2 done
Event: 383.131 Loading class java/lang/ref/Finalizer$1
Event: 383.148 Loading class java/lang/ref/Finalizer$1 done

Classes unloaded (4 events):
Event: 12.704 Thread 0x00000244dd2c8300 Unloading class 0x00000244df9c0000 'jdk/internal/reflect/GeneratedSerializationConstructorAccessor21'
Event: 57.756 Thread 0x00000244dd2c8300 Unloading class 0x00000244dfacc000 'jdk/internal/reflect/GeneratedSerializationConstructorAccessor24'
Event: 57.756 Thread 0x00000244dd2c8300 Unloading class 0x00000244dfaa5000 'jdk/internal/reflect/GeneratedSerializationConstructorAccessor23'
Event: 57.756 Thread 0x00000244dd2c8300 Unloading class 0x00000244df9c0000 'jdk/internal/reflect/GeneratedSerializationConstructorAccessor22'

Classes redefined (0 events):
No events

Internal exceptions (20 events):
Event: 63.858 Thread 0x0000024528938db0 Exception <a 'java/lang/NoSuchMethodError'{0x0000000709f98b88}: 'void java.lang.invoke.Invokers$Holder.invokeExact_MT(java.lang.Object, java.lang.Object, int, java.lang.Object)'> (0x0000000709f98b88) 
thrown [s\open\src\hotspot\share\interpreter\linkResolver.cpp, line 773]
Event: 63.897 Thread 0x0000024528938db0 Exception <a 'java/lang/NoSuchMethodError'{0x0000000709cb78a8}: 'int java.lang.invoke.DirectMethodHandle$Holder.invokeStatic(java.lang.Object, java.lang.Object, int, int)'> (0x0000000709cb78a8) 
thrown [s\open\src\hotspot\share\interpreter\linkResolver.cpp, line 773]
Event: 63.938 Thread 0x0000024528938db0 Exception <a 'java/lang/NoSuchMethodError'{0x0000000709a026c8}: 'int java.lang.invoke.Invokers$Holder.invokeExact_MT(java.lang.Object, java.lang.Object, java.lang.Object)'> (0x0000000709a026c8) 
thrown [s\open\src\hotspot\share\interpreter\linkResolver.cpp, line 773]
Event: 75.762 Thread 0x000002452893a160 Exception <a 'java/lang/IncompatibleClassChangeError'{0x0000000708e8d390}: Found class java.lang.Object, but interface was expected> (0x0000000708e8d390) 
thrown [s\open\src\hotspot\share\interpreter\linkResolver.cpp, line 840]
Event: 77.150 Thread 0x000002452893a160 Implicit null exception at 0x00000244cddba62c to 0x00000244cddbac38
Event: 381.033 Thread 0x0000024525b81550 Exception <a 'java/lang/NoSuchMethodError'{0x0000000709b89140}: static Lorg/springframework/security/authentication/AbstractAuthenticationToken;.<clinit>()V> (0x0000000709b89140) 
thrown [s\open\src\hotspot\share\prims\jni.cpp, line 1106]
Event: 381.116 Thread 0x00000244dd4f75e0 Exception <a 'java/lang/InterruptedException'{0x0000000709bfb610}: sleep interrupted> (0x0000000709bfb610) 
thrown [s\open\src\hotspot\share\prims\jvm.cpp, line 3074]
Event: 383.434 Thread 0x00000245288ad960 Exception <a 'sun/nio/fs/WindowsException'{0x0000000713c708d8}> (0x0000000713c708d8) 
thrown [s\open\src\hotspot\share\prims\jni.cpp, line 520]
Event: 386.070 Thread 0x00000245288ad960 Exception <a 'java/lang/NoClassDefFoundError'{0x00000007095d4c88}: org/flywaydb/core/Flyway> (0x00000007095d4c88) 
thrown [s\open\src\hotspot\share\oops\constantPool.cpp, line 871]
Event: 386.071 Thread 0x00000245288ad960 Exception <a 'java/lang/NoClassDefFoundError'{0x00000007095d52e8}: liquibase/integration/spring/SpringLiquibase> (0x00000007095d52e8) 
thrown [s\open\src\hotspot\share\oops\constantPool.cpp, line 871]
Event: 386.104 Thread 0x00000245288ad960 Exception <a 'java/lang/NoClassDefFoundError'{0x0000000709269ff8}: org/jooq/DSLContext> (0x0000000709269ff8) 
thrown [s\open\src\hotspot\share\oops\constantPool.cpp, line 871]
Event: 386.107 Thread 0x00000245288ad960 Exception <a 'java/lang/NoClassDefFoundError'{0x000000070927d650}: org/springframework/batch/core/repository/JobRepository> (0x000000070927d650) 
thrown [s\open\src\hotspot\share\oops\constantPool.cpp, line 871]
Event: 386.107 Thread 0x00000245288ad960 Exception <a 'java/lang/NoClassDefFoundError'{0x000000070927dca8}: org/quartz/Scheduler> (0x000000070927dca8) 
thrown [s\open\src\hotspot\share\oops\constantPool.cpp, line 871]
Event: 386.107 Thread 0x00000245288ad960 Exception <a 'java/lang/NoClassDefFoundError'{0x000000070927e328}: org/springframework/session/jdbc/JdbcIndexedSessionRepository> (0x000000070927e328) 
thrown [s\open\src\hotspot\share\oops\constantPool.cpp, line 871]
Event: 386.159 Thread 0x00000245288ad960 Implicit null exception at 0x00000244cdec3439 to 0x00000244cdec5248
Event: 386.603 Thread 0x00000245288ad960 Exception <a 'java/io/FileNotFoundException'{0x00000007080677f0}> (0x00000007080677f0) 
thrown [s\open\src\hotspot\share\prims\jni.cpp, line 520]
Event: 389.122 Thread 0x00000245288ad960 Implicit null exception at 0x00000244cdf1447c to 0x00000244cdf15fb8
Event: 389.500 Thread 0x00000245288ad960 Implicit null exception at 0x00000244ce09fc7f to 0x00000244ce0a1250
Event: 389.651 Thread 0x00000245288ad960 Exception <a 'java/io/FileNotFoundException'{0x0000000709045b60}> (0x0000000709045b60) 
thrown [s\open\src\hotspot\share\prims\jni.cpp, line 520]
Event: 389.651 Thread 0x00000245288ad960 Exception <a 'java/io/FileNotFoundException'{0x000000070904f6e0}> (0x000000070904f6e0) 
thrown [s\open\src\hotspot\share\prims\jni.cpp, line 520]

ZGC Phase Switch (0 events):
No events

VM Operations (20 events):
Event: 387.662 Executing VM operation: ICBufferFull done
Event: 387.786 Executing VM operation: ICBufferFull
Event: 387.786 Executing VM operation: ICBufferFull done
Event: 387.843 Executing VM operation: ICBufferFull
Event: 387.843 Executing VM operation: ICBufferFull done
Event: 387.873 Executing VM operation: G1CollectForAllocation (G1 Evacuation Pause)
Event: 387.901 Executing VM operation: G1CollectForAllocation (G1 Evacuation Pause) done
Event: 389.077 Executing VM operation: ICBufferFull
Event: 389.077 Executing VM operation: ICBufferFull done
Event: 389.442 Executing VM operation: G1CollectForAllocation (G1 Evacuation Pause)
Event: 389.450 Executing VM operation: G1CollectForAllocation (G1 Evacuation Pause) done
Event: 389.693 Executing VM operation: G1CollectForAllocation (G1 Evacuation Pause)
Event: 389.699 Executing VM operation: G1CollectForAllocation (G1 Evacuation Pause) done
Event: 389.776 Executing VM operation: G1PauseRemark
Event: 389.784 Executing VM operation: G1PauseRemark done
Event: 389.821 Executing VM operation: G1PauseCleanup
Event: 389.821 Executing VM operation: G1PauseCleanup done
Event: 389.982 Executing VM operation: G1CollectForAllocation (G1 Evacuation Pause)
Event: 389.990 Executing VM operation: G1CollectForAllocation (G1 Evacuation Pause) done
Event: 390.696 Executing VM operation: G1CollectForAllocation (G1 Evacuation Pause)

Events (20 events):
Event: 389.783 Thread 0x00000244dd2c8300 flushing nmethod 0x00000244cdbd6e90
Event: 389.783 Thread 0x00000244dd2c8300 flushing nmethod 0x00000244cdacca90
Event: 389.783 Thread 0x00000244dd2c8300 flushing nmethod 0x00000244cdba3410
Event: 389.783 Thread 0x00000244dd2c8300 flushing nmethod 0x00000244cdbe0310
Event: 389.783 Thread 0x00000244dd2c8300 flushing nmethod 0x00000244cdbd8790
Event: 389.783 Thread 0x00000244dd2c8300 flushing nmethod 0x00000244cdbd1e10
Event: 389.783 Thread 0x00000244dd2c8300 flushing nmethod 0x00000244cdb77f10
Event: 389.783 Thread 0x00000244dd2c8300 flushing nmethod 0x00000244cdb52790
Event: 389.783 Thread 0x00000244dd2c8300 flushing nmethod 0x00000244cdad6d10
Event: 389.783 Thread 0x00000244dd2c8300 flushing nmethod 0x00000244cdacc590
Event: 389.783 Thread 0x00000244dd2c8300 flushing nmethod 0x00000244cda8d290
Event: 389.783 Thread 0x00000244dd2c8300 flushing nmethod 0x00000244cda6e410
Event: 389.783 Thread 0x00000244dd2c8300 flushing nmethod 0x00000244cda57c90
Event: 389.783 Thread 0x00000244dd2c8300 flushing nmethod 0x00000244cda10810
Event: 389.783 Thread 0x00000244dd2c8300 flushing nmethod 0x00000244cda07890
Event: 389.783 Thread 0x00000244dd2c8300 flushing nmethod 0x00000244cd9e4c90
Event: 389.783 Thread 0x00000244dd2c8300 flushing nmethod 0x00000244cd9c4010
Event: 389.784 Thread 0x00000244dd2c8300 flushing nmethod 0x00000244cd9b7d90
Event: 389.784 Thread 0x00000244dd2c8300 flushing nmethod 0x00000244cd9c3c90
Event: 389.784 Thread 0x00000244dd2c8300 flushing nmethod 0x00000244cd9c5c10


Dynamic libraries:
0x00007ff7936c0000 - 0x00007ff7936ce000 	C:\jdk-21.0.2\bin\java.exe
0x00007ff8a73b0000 - 0x00007ff8a75c6000 	C:\WINDOWS\SYSTEM32\ntdll.dll
0x00007ff8a6910000 - 0x00007ff8a69d4000 	C:\WINDOWS\System32\KERNEL32.DLL
0x00007ff8a4a70000 - 0x00007ff8a4e16000 	C:\WINDOWS\System32\KERNELBASE.dll
0x00007ff8a4fe0000 - 0x00007ff8a50f1000 	C:\WINDOWS\System32\ucrtbase.dll
0x00007ff893fd0000 - 0x00007ff893feb000 	C:\jdk-21.0.2\bin\VCRUNTIME140.dll
0x00007ff899490000 - 0x00007ff8994a8000 	C:\jdk-21.0.2\bin\jli.dll
0x00007ff887730000 - 0x00007ff8879c3000 	C:\WINDOWS\WinSxS\amd64_microsoft.windows.common-controls_6595b64144ccf1df_6.0.22621.3235_none_270f74e173860f98\COMCTL32.dll
0x00007ff8a70d0000 - 0x00007ff8a727d000 	C:\WINDOWS\System32\USER32.dll
0x00007ff8a4e20000 - 0x00007ff8a4e46000 	C:\WINDOWS\System32\win32u.dll
0x00007ff8a68e0000 - 0x00007ff8a6909000 	C:\WINDOWS\System32\GDI32.dll
0x00007ff8a4ec0000 - 0x00007ff8a4fd8000 	C:\WINDOWS\System32\gdi32full.dll
0x00007ff8a47a0000 - 0x00007ff8a483a000 	C:\WINDOWS\System32\msvcp_win.dll
0x00007ff8a6ca0000 - 0x00007ff8a6d47000 	C:\WINDOWS\System32\msvcrt.dll
0x00007ff8a7050000 - 0x00007ff8a7081000 	C:\WINDOWS\System32\IMM32.DLL
0x00007ff89c740000 - 0x00007ff89c74c000 	C:\jdk-21.0.2\bin\vcruntime140_1.dll
0x00007ff892bd0000 - 0x00007ff892c5e000 	C:\jdk-21.0.2\bin\msvcp140.dll
0x00007ff84f640000 - 0x00007ff850357000 	C:\jdk-21.0.2\bin\server\jvm.dll
0x00007ff8a6490000 - 0x00007ff8a6542000 	C:\WINDOWS\System32\ADVAPI32.dll
0x00007ff8a63e0000 - 0x00007ff8a6488000 	C:\WINDOWS\System32\sechost.dll
0x00007ff8a46f0000 - 0x00007ff8a4718000 	C:\WINDOWS\System32\bcrypt.dll
0x00007ff8a6d50000 - 0x00007ff8a6e65000 	C:\WINDOWS\System32\RPCRT4.dll
0x00007ff8a69e0000 - 0x00007ff8a6a51000 	C:\WINDOWS\System32\WS2_32.dll
0x00007ff8a3580000 - 0x00007ff8a35cd000 	C:\WINDOWS\SYSTEM32\POWRPROF.dll
0x00007ff8a1490000 - 0x00007ff8a14c4000 	C:\WINDOWS\SYSTEM32\WINMM.dll
0x00007ff899310000 - 0x00007ff89931a000 	C:\WINDOWS\SYSTEM32\VERSION.dll
0x00007ff8a3560000 - 0x00007ff8a3573000 	C:\WINDOWS\SYSTEM32\UMPDC.dll
0x00007ff8a3820000 - 0x00007ff8a3838000 	C:\WINDOWS\SYSTEM32\kernel.appcore.dll
0x00007ff89b1e0000 - 0x00007ff89b1ea000 	C:\jdk-21.0.2\bin\jimage.dll
0x00007ff8a1b00000 - 0x00007ff8a1d33000 	C:\WINDOWS\SYSTEM32\DBGHELP.DLL
0x00007ff8a6550000 - 0x00007ff8a68d8000 	C:\WINDOWS\System32\combase.dll
0x00007ff8a6e70000 - 0x00007ff8a6f47000 	C:\WINDOWS\System32\OLEAUT32.dll
0x00007ff8a1450000 - 0x00007ff8a1482000 	C:\WINDOWS\SYSTEM32\dbgcore.DLL
0x00007ff8a4720000 - 0x00007ff8a479a000 	C:\WINDOWS\System32\bcryptPrimitives.dll
0x00007ff892ca0000 - 0x00007ff892cbf000 	C:\jdk-21.0.2\bin\java.dll
0x00007ff8a5a80000 - 0x00007ff8a62dd000 	C:\WINDOWS\System32\SHELL32.dll
0x00007ff8a2660000 - 0x00007ff8a2f58000 	C:\WINDOWS\SYSTEM32\windows.storage.dll
0x00007ff8a2520000 - 0x00007ff8a265e000 	C:\WINDOWS\SYSTEM32\wintypes.dll
0x00007ff8a62e0000 - 0x00007ff8a63d3000 	C:\WINDOWS\System32\SHCORE.dll
0x00007ff8a6a60000 - 0x00007ff8a6abe000 	C:\WINDOWS\System32\shlwapi.dll
0x00007ff8a4620000 - 0x00007ff8a4646000 	C:\WINDOWS\SYSTEM32\profapi.dll
0x00007ff892af0000 - 0x00007ff892bc7000 	C:\jdk-21.0.2\bin\jsvml.dll
0x00007ff89b1a0000 - 0x00007ff89b1b0000 	C:\jdk-21.0.2\bin\net.dll
0x00007ff89b7f0000 - 0x00007ff89b927000 	C:\WINDOWS\SYSTEM32\WINHTTP.dll
0x00007ff8a3ca0000 - 0x00007ff8a3d09000 	C:\WINDOWS\system32\mswsock.dll
0x00007ff892ad0000 - 0x00007ff892ae6000 	C:\jdk-21.0.2\bin\nio.dll
0x00007ff892a20000 - 0x00007ff892a38000 	C:\jdk-21.0.2\bin\zip.dll
0x00007ff893f40000 - 0x00007ff893f4a000 	C:\jdk-21.0.2\bin\management.dll
0x00007ff892dc0000 - 0x00007ff892dcb000 	C:\jdk-21.0.2\bin\management_ext.dll
0x00007ff8a7090000 - 0x00007ff8a7098000 	C:\WINDOWS\System32\PSAPI.DLL
0x00007ff892c90000 - 0x00007ff892c9e000 	C:\jdk-21.0.2\bin\sunmscapi.dll
0x00007ff8a4840000 - 0x00007ff8a49a6000 	C:\WINDOWS\System32\CRYPT32.dll
0x00007ff8a40b0000 - 0x00007ff8a40de000 	C:\WINDOWS\SYSTEM32\ncrypt.dll
0x00007ff8a4070000 - 0x00007ff8a40a7000 	C:\WINDOWS\SYSTEM32\NTASN1.dll
0x00007ff8a3ef0000 - 0x00007ff8a3f0b000 	C:\WINDOWS\SYSTEM32\CRYPTSP.dll
0x00007ff8a3780000 - 0x00007ff8a37b5000 	C:\WINDOWS\system32\rsaenh.dll
0x00007ff8a3d90000 - 0x00007ff8a3dbc000 	C:\WINDOWS\SYSTEM32\USERENV.dll
0x00007ff8a3f10000 - 0x00007ff8a3f1c000 	C:\WINDOWS\SYSTEM32\CRYPTBASE.dll
0x00007ff8a3270000 - 0x00007ff8a329d000 	C:\WINDOWS\SYSTEM32\IPHLPAPI.DLL
0x00007ff8a52a0000 - 0x00007ff8a52a9000 	C:\WINDOWS\System32\NSI.dll
0x00007ff892a50000 - 0x00007ff892a60000 	C:\jdk-21.0.2\bin\verify.dll
0x00007ff8a32a0000 - 0x00007ff8a3399000 	C:\WINDOWS\SYSTEM32\DNSAPI.dll
0x00007ff898260000 - 0x00007ff89826a000 	C:\Windows\System32\rasadhlp.dll
0x00007ff898360000 - 0x00007ff8983e3000 	C:\WINDOWS\System32\fwpuclnt.dll
0x00007ff892a10000 - 0x00007ff892a19000 	C:\jdk-21.0.2\bin\extnet.dll
0x00007ff893ce0000 - 0x00007ff893ce8000 	C:\WINDOWS\system32\wshunix.dll

dbghelp: loaded successfully - version: 4.0.5 - missing functions: none
symbol engine: initialized successfully - sym options: 0x614 - pdb path: .;C:\jdk-21.0.2\bin;C:\WINDOWS\SYSTEM32;C:\WINDOWS\WinSxS\amd64_microsoft.windows.common-controls_6595b64144ccf1df_6.0.22621.3235_none_270f74e173860f98;C:\jdk-21.0.2\bin\server

VM Arguments:
jvm_args: -XX:+ShowCodeDetailsInExceptionMessages 
java_command: loja.springboot.loja.LojaApplication
java_class_path (initial): C:\workspace\sistema\target\classes;C:\Users\User\.m2\repository\org\springframework\boot\spring-boot-starter-thymeleaf\3.2.3\spring-boot-starter-thymeleaf-3.2.3.jar;C:\Users\User\.m2\repository\org\thymeleaf\thymeleaf-spring6\3.1.2.RELEASE\thymeleaf-spring6-3.1.2.RELEASE.jar;C:\Users\User\.m2\repository\org\springframework\boot\spring-boot-starter-validation\3.2.3\spring-boot-starter-validation-3.2.3.jar;C:\Users\User\.m2\repository\org\apache\tomcat\embed\tomcat-embed-el\10.1.19\tomcat-embed-el-10.1.19.jar;C:\Users\User\.m2\repository\org\hibernate\validator\hibernate-validator\8.0.1.Final\hibernate-validator-8.0.1.Final.jar;C:\Users\User\.m2\repository\jakarta\validation\jakarta.validation-api\3.0.2\jakarta.validation-api-3.0.2.jar;C:\Users\User\.m2\repository\org\jboss\logging\jboss-logging\3.5.3.Final\jboss-logging-3.5.3.Final.jar;C:\Users\User\.m2\repository\com\fasterxml\classmate\1.6.0\classmate-1.6.0.jar;C:\Users\User\.m2\repository\org\thymeleaf\extras\thymeleaf-extras-springsecurity6\3.1.2.RELEASE\thymeleaf-extras-springsecurity6-3.1.2.RELEASE.jar;C:\Users\User\.m2\repository\org\slf4j\slf4j-api\2.0.12\slf4j-api-2.0.12.jar;C:\Users\User\.m2\repository\com\mysql\mysql-connector-j\8.3.0\mysql-connector-j-8.3.0.jar;C:\Users\User\.m2\repository\net\sf\barcode4j\barcode4j\2.1\barcode4j-2.1.jar;C:\Users\User\.m2\repository\avalon-framework\avalon-framework-impl\4.2.0\avalon-framework-impl-4.2.0.jar;C:\Users\User\.m2\repository\commons-cli\commons-cli\1.0\commons-cli-1.0.jar;C:\Users\User\.m2\repository\commons-lang\commons-lang\1.0\commons-lang-1.0.jar;C:\Users\User\.m2\repository\junit\junit\4.13.2\junit-4.13.2.jar;C:\Users\User\.m2\repository\org\hamcrest\hamcrest-core\2.2\hamcrest-core-2.2.jar;C:\Users\User\.m2\repository\org\hamcrest\hamcrest\2.2\hamcrest-2.2.jar;C:\Users\User\.m2\repository\org\apache\ant\ant\1.7.1\ant-1.7.1.jar;C:\Users\User\.m2\repository\org\apache\ant\ant-launcher\1.7.1\ant-launcher-1.7.1.jar;C:\Users\User\.m2\repository\com\google\zxing\core\3.5.2\core-3.5.2.jar;C:\Users\User\.m2\repository\com\google\zxing\javase\3.5.2\javase-3.5.2.jar;C:\Users\User\.m2\repository\com\beust\jcommander\1.82\jcommander-1.82.jar;C:\Users\User\.m2\repository\com\github\jai-imageio\jai-imageio-core\1.4.0\jai-imageio-core-1.4.0.jar;C:\Users\User\.m2\repository\org\apache\xmlgraphics\batik-bridge\1.17\batik-bridge-1.17.jar;C:\Users\User\.m2\repository\org\apache\xmlgraphics\batik-anim\1.17\batik-anim-1.17.jar;C:\Users\User\.m2\repository\org\apache\xmlgraphics\batik-ext\1.17\batik-ext-1.17.jar;C:\Users\User\.m2\repository\org\apache\xmlgraphics\batik-awt-util\1.17\batik-awt-util-1.17.jar;C:\Users\User\.m2\repository\org\apache\xmlgraphics\batik-css\1.17\batik-css-1.17.jar;C:\Users\User\.m2\repository\org\apache\xmlgraphics\batik-dom\1.17\batik-dom-1.17.jar;C:\Users\User\.m2\repository\xml-apis\xml-apis\1.4.01\xml-apis-1.4.01.jar;C:\Users\User\.m2\repository\org\apache\xmlgraphics\batik-gvt\1.17\batik-gvt-1.17.jar;C:\Users\User\.m2\repository\org\apache\xmlgraphics\batik-parser\1.17\batik-parser-1.17.jar;C:\Users\User\.m2\repository\org\apache\xmlgraphics\batik-script\1.17\batik-script-1.17.jar;C:\Users\User\.m2\repository\org\apache\xmlgraphics\batik-shared-resources\1.17\batik-shared-resources-1.17.jar;C:\Users\User\.m2\repository\org\apache\xmlgraphics\batik-svg-dom\1.17\batik-svg-dom-1.17.jar;C:\Users\User\.m2\repository\org\apache\xmlgraphics\batik-util\1.17\batik-util-1.17.jar;C:\Users\User\.m2\repository\org\apache\xmlgraphics\batik-constants\1.17\batik-constants-1.17.jar;C:\Users\User\.m2\repository\org\apache\xmlgraphics\batik-i18n\1.17\batik-i18n-1.17.jar;C:\Users\User\.m2\repository\org\apache\xmlgraphics\batik-xml\1.17\batik-xml-1.17.jar;C:\Users\User\.m2\repository\org\apache\xmlgraphics\xmlgraphics-commons\2.9\xmlgraphics-commons-2.9.jar;C:\Users\User\.m2\repository\commons-io\commons-io\2.11.0\commons-io-2.11.0.jar;C:\Users\User\.m2\repository\xml-apis\xml-apis-ext\1.3.04\xml-apis-ext-1.3.04.jar;C:\Users\User\.m2\repository\org\webjars\chartjs\4.1.2\chartjs-4.1.2.jar;C:\Users\User\.m2\repository\org\springframework\boot\spring-boot-starter-security\3.2.3\spring-boot-starter-security-3.2.3.jar;C:\Users\User\.m2\repository\org\springframework\spring-aop\6.1.4\spring-aop-6.1.4.jar;C:\Users\User\.m2\repository\org\springframework\spring-beans\6.1.4\spring-beans-6.1.4.jar;C:\Users\User\.m2\repository\org\springframework\security\spring-security-config\6.2.2\spring-security-config-6.2.2.jar;C:\Users\User\.m2\repository\org\springframework\security\spring-security-core\6.2.2\spring-security-core-6.2.2.jar;C:\Users\User\.m2\repository\org\springframework\security\spring-security-crypto\6.2.2\spring-security-crypto-6.2.2.jar;C:\Users\User\.m2\repository\org\springframework\spring-context\6.1.4\spring-context-6.1.4.jar;C:\Users\User\.m2\repository\org\springframework\security\spring-security-web\6.2.2\spring-security-web-6.2.2.jar;C:\Users\User\.m2\repository\org\springframework\spring-expression\6.1.4\spring-expression-6.1.4.jar;C:\Users\User\.m2\repository\org\springframework\boot\spring-boot-starter-data-jpa\3.2.3\spring-boot-starter-data-jpa-3.2.3.jar;C:\Users\User\.m2\repository\org\springframework\boot\spring-boot-starter-aop\3.2.3\spring-boot-starter-aop-3.2.3.jar;C:\Users\User\.m2\repository\org\aspectj\aspectjweaver\1.9.21\aspectjweaver-1.9.21.jar;C:\Users\User\.m2\repository\org\springframework\boot\spring-boot-starter-jdbc\3.2.3\spring-boot-starter-jdbc-3.2.3.jar;C:\Users\User\.m2\repository\com\zaxxer\HikariCP\5.0.1\HikariCP-5.0.1.jar;C:\Users\User\.m2\repository\org\springframework\spring-jdbc\6.1.4\spring-jdbc-6.1.4.jar;C:\Users\User\.m2\repository\org\hibernate\orm\hibernate-core\6.4.4.Final\hibernate-core-6.4.4.Final.jar;C:\Users\User\.m2\repository\jakarta\persistence\jakarta.persistence-api\3.1.0\jakarta.persistence-api-3.1.0.jar;C:\Users\User\.m2\repository\jakarta\transaction\jakarta.transaction-api\2.0.1\jakarta.transaction-api-2.0.1.jar;C:\Users\User\.m2\repository\org\hibernate\common\hibernate-commons-annotations\6.0.6.Final\hibernate-commons-annotations-6.0.6.Final.jar;C:\Users\User\.m2\repository\io\smallrye\jandex\3.1.2\jandex-3.1.2.jar;C:\Users\User\.m2\repository\net\bytebuddy\byte-buddy\1.14.12\byte-buddy-1.14.12.jar;C:\Users\User\.m2\repository\org\glassfish\jaxb\jaxb-runtime\4.0.4\jaxb-runtime-4.0.4.jar;C:\Users\User\.m2\repository\org\glassfish\jaxb\jaxb-core\4.0.4\jaxb-core-4.0.4.jar;C:\Users\User\.m2\repository\org\glassfish\jaxb\txw2\4.0.4\txw2-4.0.4.jar;C:\Users\User\.m2\repository\com\sun\istack\istack-commons-runtime\4.1.2\istack-commons-runtime-4.1.2.jar;C:\Users\User\.m2\repository\jakarta\inject\jakarta.inject-api\2.0.1\jakarta.inject-api-2.0.1.jar;C:\Users\User\.m2\repository\org\antlr\antlr4-runtime\4.13.0\antlr4-runtime-4.13.0.jar;C:\Users\User\.m2\repository\org\springframework\data\spring-data-jpa\3.2.3\spring-data-jpa-3.2.3.jar;C:\Users\User\.m2\repository\org\springframework\data\spring-data-commons\3.2.3\spring-data-commons-3.2.3.jar;C:\Users\User\.m2\repository\org\springframework\spring-orm\6.1.4\spring-orm-6.1.4.jar;C:\Users\User\.m2\repository\org\springframework\spring-tx\6.1.4\spring-tx-6.1.4.jar;C:\Users\User\.m2\repository\org\springframework\spring-aspects\6.1.4\spring-aspects-6.1.4.jar;C:\Users\User\.m2\repository\org\springframework\boot\spring-boot-starter-mail\3.2.3\spring-boot-starter-mail-3.2.3.jar;C:\Users\User\.m2\repository\org\springframework\spring-context-support\6.1.4\spring-context-support-6.1.4.jar;C:\Users\User\.m2\repository\org\eclipse\angus\jakarta.mail\2.0.2\jakarta.mail-2.0.2.jar;C:\Users\User\.m2\repository\org\eclipse\angus\angus-activation\2.0.1\angus-activation-2.0.1.jar;C:\Users\User\.m2\repository\org\springframework\boot\spring-boot-starter\3.2.3\spring-boot-starter-3.2.3.jar;C:\Users\User\.m2\repository\org\springframework\boot\spring-boot\3.2.3\spring-boot-3.2.3.jar;C:\Users\User\.m2\repository\org\springframework\boot\spring-boot-autoconfigure\3.2.3\spring-boot-autoconfigure-3.2.3.jar;C:\Users\User\.m2\repository\org\springframework\boot\spring-boot-starter-logging\3.2.3\spring-boot-starter-logging-3.2.3.jar;C:\Users\User\.m2\repository\ch\qos\logback\logback-classic\1.4.14\logback-classic-1.4.14.jar;C:\Users\User\.m2\repository\ch\qos\logback\logback-core\1.4.14\logback-core-1.4.14.jar;C:\Users\User\.m2\repository\org\apache\logging\log4j\log4j-to-slf4j\2.21.1\log4j-to-slf4j-2.21.1.jar;C:\Users\User\.m2\repository\org\apache\logging\log4j\log4j-api\2.21.1\log4j-api-2.21.1.jar;C:\Users\User\.m2\repository\org\slf4j\jul-to-slf4j\2.0.12\jul-to-slf4j-2.0.12.jar;C:\Users\User\.m2\repository\jakarta\annotation\jakarta.annotation-api\2.1.1\jakarta.annotation-api-2.1.1.jar;C:\Users\User\.m2\repository\org\springframework\spring-core\6.1.4\spring-core-6.1.4.jar;C:\Users\User\.m2\repository\org\springframework\spring-jcl\6.1.4\spring-jcl-6.1.4.jar;C:\Users\User\.m2\repository\org\yaml\snakeyaml\2.2\snakeyaml-2.2.jar;C:\Users\User\.m2\repository\org\springframework\boot\spring-boot-starter-cache\3.1.5\spring-boot-starter-cache-3.1.5.jar;C:\Users\User\.m2\repository\nz\net\ultraq\thymeleaf\thymeleaf-layout-dialect\3.3.0\thymeleaf-layout-dialect-3.3.0.jar;C:\Users\User\.m2\repository\org\apache\groovy\groovy\4.0.18\groovy-4.0.18.jar;C:\Users\User\.m2\repository\nz\net\ultraq\groovy\groovy-extensions\2.1.0\groovy-extensions-2.1.0.jar;C:\Users\User\.m2\repository\nz\net\ultraq\thymeleaf\thymeleaf-expression-processor\3.2.0\thymeleaf-expression-processor-3.2.0.jar;C:\Users\User\.m2\repository\org\thymeleaf\thymeleaf\3.1.2.RELEASE\thymeleaf-3.1.2.RELEASE.jar;C:\Users\User\.m2\repository\ognl\ognl\3.3.4\ognl-3.3.4.jar;C:\Users\User\.m2\repository\org\javassist\javassist\3.29.0-GA\javassist-3.29.0-GA.jar;C:\Users\User\.m2\repository\org\attoparser\attoparser\2.0.7.RELEASE\attoparser-2.0.7.RELEASE.jar;C:\Users\User\.m2\repository\org\unbescape\unbescape\1.1.6.RELEASE\unbescape-1.1.6.RELEASE.jar;C:\Users\User\.m2\repository\org\springframework\boot\spring-boot-starter-web\3.1.5\spring-boot-starter-web-3.1.5.jar;C:\Users\User\.m2\repository\org\springframework\boot\spring-boot-starter-json\3.2.3\spring-boot-starter-json-3.2.3.jar;C:\Users\User\.m2\repository\com\fasterxml\jackson\datatype\jackson-datatype-jdk8\2.15.4\jackson-datatype-jdk8-2.15.4.jar;C:\Users\User\.m2\repository\com\fasterxml\jackson\datatype\jackson-datatype-jsr310\2.15.4\jackson-datatype-jsr310-2.15.4.jar;C:\Users\User\.m2\repository\com\fasterxml\jackson\module\jackson-module-parameter-names\2.15.4\jackson-module-parameter-names-2.15.4.jar;C:\Users\User\.m2\repository\org\springframework\boot\spring-boot-starter-tomcat\3.2.3\spring-boot-starter-tomcat-3.2.3.jar;C:\Users\User\.m2\repository\org\apache\tomcat\embed\tomcat-embed-core\10.1.19\tomcat-embed-core-10.1.19.jar;C:\Users\User\.m2\repository\org\apache\tomcat\embed\tomcat-embed-websocket\10.1.19\tomcat-embed-websocket-10.1.19.jar;C:\Users\User\.m2\repository\org\springframework\spring-web\6.1.4\spring-web-6.1.4.jar;C:\Users\User\.m2\repository\io\micrometer\micrometer-observation\1.12.3\micrometer-observation-1.12.3.jar;C:\Users\User\.m2\repository\io\micrometer\micrometer-commons\1.12.3\micrometer-commons-1.12.3.jar;C:\Users\User\.m2\repository\org\springframework\spring-webmvc\6.1.4\spring-webmvc-6.1.4.jar;C:\Users\User\.m2\repository\org\jsoup\jsoup\1.16.1\jsoup-1.16.1.jar;C:\Users\User\.m2\repository\jakarta\xml\bind\jakarta.xml.bind-api\4.0.1\jakarta.xml.bind-api-4.0.1.jar;C:\Users\User\.m2\repository\jakarta\activation\jakarta.activation-api\2.1.2\jakarta.activation-api-2.1.2.jar;C:\Users\User\.m2\repository\net\sf\jasperreports\jasperreports\6.20.0\jasperreports-6.20.0.jar;C:\Users\User\.m2\repository\commons-beanutils\commons-beanutils\1.9.4\commons-beanutils-1.9.4.jar;C:\Users\User\.m2\repository\commons-collections\commons-collections\3.2.2\commons-collections-3.2.2.jar;C:\Users\User\.m2\repository\commons-digester\commons-digester\2.1\commons-digester-2.1.jar;C:\Users\User\.m2\repository\commons-logging\commons-logging\1.1.1\commons-logging-1.1.1.jar;C:\Users\User\.m2\repository\org\apache\commons\commons-collections4\4.2\commons-collections4-4.2.jar;C:\Users\User\.m2\repository\com\lowagie\itext\2.1.7.js10\itext-2.1.7.js10.jar;C:\Users\User\.m2\repository\org\bouncycastle\bcprov-jdk15on\1.70\bcprov-jdk15on-1.70.jar;C:\Users\User\.m2\repository\org\bouncycastle\bcutil-jdk15on\1.70\bcutil-jdk15on-1.70.jar;C:\Users\User\.m2\repository\org\jfree\jcommon\1.0.23\jcommon-1.0.23.jar;C:\Users\User\.m2\repository\org\jfree\jfreechart\1.0.19\jfreechart-1.0.19.jar;C:\Users\User\.m2\repository\org\eclipse\jdt\ecj\3.21.0\ecj-3.21.0.jar;C:\Users\User\.m2\repository\com\fasterxml\jackson\core\jackson-core\2.15.4\jackson-core-2.15.4.jar;C:\Users\User\.m2\repository\com\fasterxml\jackson\core\jackson-annotations\2.15.4\jackson-annotations-2.15.4.jar;C:\Users\User\.m2\repository\com\fasterxml\jackson\dataformat\jackson-dataformat-xml\2.15.4\jackson-dataformat-xml-2.15.4.jar;C:\Users\User\.m2\repository\org\codehaus\woodstox\stax2-api\4.2.1\stax2-api-4.2.1.jar;C:\Users\User\.m2\repository\com\fasterxml\woodstox\woodstox-core\6.5.1\woodstox-core-6.5.1.jar;C:\Users\User\.m2\repository\com\fasterxml\jackson\core\jackson-databind\2.15.4\jackson-databind-2.15.4.jar;C:\Users\User\.m2\repository\org\springframework\boot\spring-boot-devtools\3.2.3\spring-boot-devtools-3.2.3.jar
Launcher Type: SUN_STANDARD

[Global flags]
     intx CICompilerCount                          = 4                                         {product} {ergonomic}
     uint ConcGCThreads                            = 2                                         {product} {ergonomic}
     uint G1ConcRefinementThreads                  = 8                                         {product} {ergonomic}
   size_t G1HeapRegionSize                         = 2097152                                   {product} {ergonomic}
    uintx GCDrainStackTargetSize                   = 64                                        {product} {ergonomic}
   size_t InitialHeapSize                          = 264241152                                 {product} {ergonomic}
   size_t MarkStackSize                            = 4194304                                   {product} {ergonomic}
   size_t MaxHeapSize                              = 4225761280                                {product} {ergonomic}
   size_t MaxNewSize                               = 2535456768                                {product} {ergonomic}
   size_t MinHeapDeltaBytes                        = 2097152                                   {product} {ergonomic}
   size_t MinHeapSize                              = 8388608                                   {product} {ergonomic}
    uintx NonNMethodCodeHeapSize                   = 5839372                                {pd product} {ergonomic}
    uintx NonProfiledCodeHeapSize                  = 122909434                              {pd product} {ergonomic}
    uintx ProfiledCodeHeapSize                     = 122909434                              {pd product} {ergonomic}
    uintx ReservedCodeCacheSize                    = 251658240                              {pd product} {ergonomic}
     bool SegmentedCodeCache                       = true                                      {product} {ergonomic}
     bool ShowCodeDetailsInExceptionMessages       = true                                   {manageable} {command line}
   size_t SoftMaxHeapSize                          = 4225761280                             {manageable} {ergonomic}
     bool UseCompressedOops                        = true                           {product lp64_product} {ergonomic}
     bool UseG1GC                                  = true                                      {product} {ergonomic}
     bool UseLargePagesIndividualAllocation        = false                                  {pd product} {ergonomic}

Logging:
Log output configuration:
 #0: stdout all=warning uptime,level,tags foldmultilines=false
 #1: stderr all=off uptime,level,tags foldmultilines=false

Environment Variables:
JAVA_HOME=C:\jdk-21.0.2
PATH=C:\WINDOWS\system32;C:\WINDOWS;C:\WINDOWS\System32\Wbem;C:\jdk-21.0.2\bin;C:\WINDOWS\System32\WindowsPowerShell\v1.0\;C:\WINDOWS\System32\OpenSSH\;C:\Program Files\Git\cmd;C:\maven\bin;C:\jdk-21.0.2\bin\bin;C:\Program Files\dotnet\;C:\Users\User\AppData\Local\Microsoft\WindowsApps;;C:\Users\User\AppData\Local\Programs\Microsoft VS Code\bin
USERNAME=User
LANG=en_US.UTF-8
OS=Windows_NT
PROCESSOR_IDENTIFIER=Intel64 Family 6 Model 140 Stepping 1, GenuineIntel
TMP=C:\Users\User\AppData\Local\Temp
TEMP=C:\Users\User\AppData\Local\Temp




Periodic native trim disabled

---------------  S Y S T E M  ---------------

OS:
 Windows 11 , 64 bit Build 22621 (10.0.22621.3235)
OS uptime: 1 days 20:49 hours

CPU: total 8 (initial active 8) (4 cores per cpu, 2 threads per core) family 6 model 140 stepping 1 microcode 0xb4, cx8, cmov, fxsr, ht, mmx, 3dnowpref, sse, sse2, sse3, ssse3, sse4.1, sse4.2, popcnt, lzcnt, tsc, tscinvbit, avx, avx2, aes, erms, clmul, bmi1, bmi2, adx, avx512f, avx512dq, avx512cd, avx512bw, avx512vl, sha, fma, vzeroupper, avx512_vpopcntdq, avx512_vpclmulqdq, avx512_vaes, avx512_vnni, clflush, clflushopt, clwb, avx512_vbmi2, avx512_vbmi, rdtscp, rdpid, fsrm, gfni, avx512_bitalg, f16c, pku, cet_ibt, cet_ss, avx512_ifma
Processor Information for all 8 processors :
  Max Mhz: 1382, Current Mhz: 1382, Mhz Limit: 1382

Memory: 4k page, system-wide physical 16118M (309M free)
TotalPageFile size 46395M (AvailPageFile size 37M)
current process WorkingSet (physical memory assigned to process): 373M, peak: 381M
current process commit charge ("private bytes"): 448M, peak: 487M

vm_info: OpenJDK 64-Bit Server VM (21.0.2+13-58) for windows-amd64 JRE (21.0.2+13-58), built on 2024-01-05T18:32:24Z by "mach5one" with MS VC++ 17.1 (VS2022)

END.
