#
# There is insufficient memory for the Java Runtime Environment to continue.
# Native memory allocation (malloc) failed to allocate 233104 bytes for Chunk::new
# Possible reasons:
#   The system is out of physical RAM or swap space
#   The process is running with CompressedOops enabled, and the Java Heap may be blocking the growth of the native heap
# Possible solutions:
#   Reduce memory load on the system
#   Increase physical memory or swap space
#   Check if swap backing store is full
#   Decrease Java heap size (-Xmx/-Xms)
#   Decrease number of Java threads
#   Decrease Java thread stack sizes (-Xss)
#   Set larger code cache with -XX:ReservedCodeCacheSize=
#   JVM is running with Unscaled Compressed Oops mode in which the Java heap is
#     placed in the first 4GB address space. The Java Heap base address is the
#     maximum limit for the native heap growth. Please use -XX:HeapBaseMinAddress
#     to set the Java Heap base and to place the Java Heap above 4GB virtual address.
# This output file may be truncated or incomplete.
#
#  Out of Memory Error (arena.cpp:191), pid=2676, tid=12508
#
# JRE version: OpenJDK Runtime Environment Temurin-17.0.10+7 (17.0.10+7) (build 17.0.10+7)
# Java VM: OpenJDK 64-Bit Server VM Temurin-17.0.10+7 (17.0.10+7, mixed mode, tiered, compressed oops, compressed class ptrs, parallel gc, windows-amd64)
# No core dump will be written. Minidumps are not enabled by default on client versions of Windows
#

---------------  S U M M A R Y ------------

Command Line: --add-modules=ALL-SYSTEM --add-opens=java.base/java.util=ALL-UNNAMED --add-opens=java.base/java.lang=ALL-UNNAMED --add-opens=java.base/sun.nio.fs=ALL-UNNAMED -Declipse.application=org.eclipse.jdt.ls.core.id1 -Dosgi.bundles.defaultStartLevel=4 -Declipse.product=org.eclipse.jdt.ls.core.product -Djava.import.generatesMetadataFilesAtProjectRoot=false -DDetectVMInstallationsJob.disabled=true -Dfile.encoding=utf8 -XX:+UseParallelGC -XX:GCTimeRatio=4 -XX:AdaptiveSizePolicyWeight=90 -Dsun.zip.disableMemoryMapping=true -Xmx1G -Xms100m -Xlog:disable -javaagent:c:\Users\User\.vscode\extensions\redhat.java-1.28.1-win32-x64\lombok\lombok-1.18.31.jar -XX:+HeapDumpOnOutOfMemoryError -XX:HeapDumpPath=c:\Users\User\AppData\Roaming\Code\User\workspaceStorage\9bc96d506b14e57339dd0c89e37d1bcd\redhat.java -Daether.dependencyCollector.impl=bf c:\Users\User\.vscode\extensions\redhat.java-1.28.1-win32-x64\server\plugins\org.eclipse.equinox.launcher_1.6.700.v20231214-2017.jar -configuration c:\Users\User\AppData\Roaming\Code\User\globalStorage\redhat.java\1.28.1\config_win -data c:\Users\User\AppData\Roaming\Code\User\workspaceStorage\9bc96d506b14e57339dd0c89e37d1bcd\redhat.java\jdt_ws --stdio

Host: 11th Gen Intel(R) Core(TM) i5-1135G7 @ 2.40GHz, 8 cores, 15G,  Windows 11 , 64 bit Build 22621 (10.0.22621.3235)
Time: Fri Mar 15 16:19:47 2024 Hora oficial do Brasil elapsed time: 2468.908853 seconds (0d 0h 41m 8s)

---------------  T H R E A D  ---------------

Current thread (0x0000015df0ccde40):  JavaThread "C2 CompilerThread0" daemon [_thread_in_native, id=12508, stack(0x0000000106b00000,0x0000000106c00000)]


Current CompileTask:
C2:2468916 28479       4       org.eclipse.jdt.core.dom.ASTConverter::convert (900 bytes)

Stack: [0x0000000106b00000,0x0000000106c00000]
Native frames: (J=compiled Java code, j=interpreted, Vv=VM code, C=native code)
V  [jvm.dll+0x67d2c9]
V  [jvm.dll+0x834afa]
V  [jvm.dll+0x8365be]
V  [jvm.dll+0x836c23]
V  [jvm.dll+0x2477ff]
V  [jvm.dll+0xac514]
V  [jvm.dll+0xacb5c]
V  [jvm.dll+0x11f057]
V  [jvm.dll+0x609472]
V  [jvm.dll+0x60d89c]
V  [jvm.dll+0x219d68]
V  [jvm.dll+0x219311]
V  [jvm.dll+0x1a502d]
V  [jvm.dll+0x2290de]
V  [jvm.dll+0x2272ac]
V  [jvm.dll+0x7e9bb7]
V  [jvm.dll+0x7e3fba]
V  [jvm.dll+0x67c1b5]
C  [ucrtbase.dll+0x29363]
C  [KERNEL32.DLL+0x1257d]
C  [ntdll.dll+0x5aa58]


---------------  P R O C E S S  ---------------

Threads class SMR info:
_java_thread_list=0x0000015dcda439d0, length=36, elements={
0x0000015ddce3f2a0, 0x0000015df0cc1020, 0x0000015df0cc5230, 0x0000015df0ccb2d0,
0x0000015df0ccbca0, 0x0000015df0ccc770, 0x0000015df0ccd240, 0x0000015df0ccde40,
0x0000015df5d982e0, 0x0000015df5d98fa0, 0x0000015ddcea27a0, 0x0000015df5fa72b0,
0x0000015df73a4100, 0x0000015df73a27b0, 0x0000015df73a1880, 0x0000015df73a31d0,
0x0000015df73a0950, 0x0000015df73a3bf0, 0x0000015df76e2f50, 0x0000015df76e3460,
0x0000015df76de870, 0x0000015df76e3e80, 0x0000015df76e2020, 0x0000015df76e2530,
0x0000015dfa8e6810, 0x0000015dfa8e3a80, 0x0000015dfa8e49b0, 0x0000015df76e48a0,
0x0000015df76e57d0, 0x0000015df76e5ce0, 0x0000015df73a36e0, 0x0000015dfa8e6300,
0x0000015dfa8e44a0, 0x0000015df76e52c0, 0x0000015df76df290, 0x0000015df76df7a0
}

Java Threads: ( => current thread )
  0x0000015ddce3f2a0 JavaThread "main" [_thread_blocked, id=7544, stack(0x0000000106200000,0x0000000106300000)]
  0x0000015df0cc1020 JavaThread "Reference Handler" daemon [_thread_blocked, id=5372, stack(0x0000000106500000,0x0000000106600000)]
  0x0000015df0cc5230 JavaThread "Finalizer" daemon [_thread_blocked, id=12292, stack(0x0000000106600000,0x0000000106700000)]
  0x0000015df0ccb2d0 JavaThread "Signal Dispatcher" daemon [_thread_blocked, id=19472, stack(0x0000000106700000,0x0000000106800000)]
  0x0000015df0ccbca0 JavaThread "Attach Listener" daemon [_thread_blocked, id=18248, stack(0x0000000106800000,0x0000000106900000)]
  0x0000015df0ccc770 JavaThread "Service Thread" daemon [_thread_blocked, id=18540, stack(0x0000000106900000,0x0000000106a00000)]
  0x0000015df0ccd240 JavaThread "Monitor Deflation Thread" daemon [_thread_blocked, id=4944, stack(0x0000000106a00000,0x0000000106b00000)]
=>0x0000015df0ccde40 JavaThread "C2 CompilerThread0" daemon [_thread_in_native, id=12508, stack(0x0000000106b00000,0x0000000106c00000)]
  0x0000015df5d982e0 JavaThread "C1 CompilerThread0" daemon [_thread_blocked, id=15328, stack(0x0000000106c00000,0x0000000106d00000)]
  0x0000015df5d98fa0 JavaThread "Sweeper thread" daemon [_thread_blocked, id=4768, stack(0x0000000106d00000,0x0000000106e00000)]
  0x0000015ddcea27a0 JavaThread "Common-Cleaner" daemon [_thread_blocked, id=13148, stack(0x0000000106e00000,0x0000000106f00000)]
  0x0000015df5fa72b0 JavaThread "Notification Thread" daemon [_thread_blocked, id=17868, stack(0x0000000106f00000,0x0000000107000000)]
  0x0000015df73a4100 JavaThread "Active Thread: Equinox Container: 0c72f36b-dc44-401e-b3ae-a169575a8eae" [_thread_blocked, id=8240, stack(0x0000000107800000,0x0000000107900000)]
  0x0000015df73a27b0 JavaThread "Framework Event Dispatcher: Equinox Container: 0c72f36b-dc44-401e-b3ae-a169575a8eae" daemon [_thread_blocked, id=19276, stack(0x0000000107700000,0x0000000107800000)]
  0x0000015df73a1880 JavaThread "Start Level: Equinox Container: 0c72f36b-dc44-401e-b3ae-a169575a8eae" daemon [_thread_blocked, id=15572, stack(0x0000000107900000,0x0000000107a00000)]
  0x0000015df73a31d0 JavaThread "Bundle File Closer" daemon [_thread_blocked, id=13560, stack(0x0000000107c00000,0x0000000107d00000)]
  0x0000015df73a0950 JavaThread "SCR Component Actor" daemon [_thread_blocked, id=11352, stack(0x0000000107b00000,0x0000000107c00000)]
  0x0000015df73a3bf0 JavaThread "Worker-JM" [_thread_blocked, id=10796, stack(0x0000000107e00000,0x0000000107f00000)]
  0x0000015df76e2f50 JavaThread "Java indexing" daemon [_thread_blocked, id=16600, stack(0x0000000108000000,0x0000000108100000)]
  0x0000015df76e3460 JavaThread "JNA Cleaner" daemon [_thread_blocked, id=19092, stack(0x0000000108400000,0x0000000108500000)]
  0x0000015df76de870 JavaThread "pool-2-thread-1" [_thread_blocked, id=2284, stack(0x0000000108700000,0x0000000108800000)]
  0x0000015df76e3e80 JavaThread "WorkspaceEventsHandler" [_thread_blocked, id=3968, stack(0x0000000108800000,0x0000000108900000)]
  0x0000015df76e2020 JavaThread "pool-1-thread-1" [_thread_in_native, id=18284, stack(0x0000000108900000,0x0000000108a00000)]
  0x0000015df76e2530 JavaThread "Refresh Thread: Equinox Container: 0c72f36b-dc44-401e-b3ae-a169575a8eae" daemon [_thread_blocked, id=1344, stack(0x0000000108c00000,0x0000000108d00000)]
  0x0000015dfa8e6810 JavaThread "Java Debug Server" daemon [_thread_in_native, id=8632, stack(0x0000000107f00000,0x0000000108000000)]
  0x0000015dfa8e3a80 JavaThread "RxSchedulerPurge-1" daemon [_thread_blocked, id=19160, stack(0x0000000108600000,0x0000000108700000)]
  0x0000015dfa8e49b0 JavaThread "RxCachedWorkerPoolEvictor-1" daemon [_thread_blocked, id=14196, stack(0x0000000108b00000,0x0000000108c00000)]
  0x0000015df76e48a0 JavaThread "ForkJoinPool.commonPool-worker-9" daemon [_thread_blocked, id=2424, stack(0x0000000106100000,0x0000000106200000)]
  0x0000015df76e57d0 JavaThread "ForkJoinPool.commonPool-worker-12" daemon [_thread_blocked, id=18644, stack(0x0000000108a00000,0x0000000108b00000)]
  0x0000015df76e5ce0 JavaThread "ForkJoinPool.commonPool-worker-14" daemon [_thread_blocked, id=17628, stack(0x0000000108e00000,0x0000000108f00000)]
  0x0000015df73a36e0 JavaThread "Worker-9" [_thread_blocked, id=7676, stack(0x0000000109200000,0x0000000109300000)]
  0x0000015dfa8e6300 JavaThread "ForkJoinPool.commonPool-worker-16" daemon [_thread_blocked, id=5012, stack(0x0000000106000000,0x0000000106100000)]
  0x0000015dfa8e44a0 JavaThread "ForkJoinPool.commonPool-worker-17" daemon [_thread_blocked, id=18448, stack(0x0000000107d00000,0x0000000107e00000)]
  0x0000015df76e52c0 JavaThread "ForkJoinPool.commonPool-worker-18" daemon [_thread_blocked, id=7016, stack(0x0000000108100000,0x0000000108200000)]
  0x0000015df76df290 JavaThread "ForkJoinPool.commonPool-worker-19" daemon [_thread_blocked, id=11268, stack(0x0000000108200000,0x0000000108300000)]
  0x0000015df76df7a0 JavaThread "Worker-11" [_thread_blocked, id=4832, stack(0x0000000108f00000,0x0000000109000000)]

Other Threads:
  0x0000015ddceeecd0 VMThread "VM Thread" [stack: 0x0000000106400000,0x0000000106500000] [id=6208]
  0x0000015df5f66ad0 WatcherThread [stack: 0x0000000107000000,0x0000000107100000] [id=2180]
  0x0000015ddce54730 GCTaskThread "GC Thread#0" [stack: 0x0000000106300000,0x0000000106400000] [id=18176]
  0x0000015df73704e0 GCTaskThread "GC Thread#1" [stack: 0x0000000107100000,0x0000000107200000] [id=19272]
  0x0000015df73c8780 GCTaskThread "GC Thread#2" [stack: 0x0000000107200000,0x0000000107300000] [id=3880]
  0x0000015df73c8a40 GCTaskThread "GC Thread#3" [stack: 0x0000000107300000,0x0000000107400000] [id=17012]
  0x0000015df76aa200 GCTaskThread "GC Thread#4" [stack: 0x0000000107400000,0x0000000107500000] [id=9880]
  0x0000015df76aa4c0 GCTaskThread "GC Thread#5" [stack: 0x0000000107500000,0x0000000107600000] [id=20072]
  0x0000015df76aa780 GCTaskThread "GC Thread#6" [stack: 0x0000000107600000,0x0000000107700000] [id=1288]
  0x0000015df5dedf70 GCTaskThread "GC Thread#7" [stack: 0x0000000107a00000,0x0000000107b00000] [id=17720]

Threads with active compile tasks:
C2 CompilerThread0  2469043 28479       4       org.eclipse.jdt.core.dom.ASTConverter::convert (900 bytes)

VM state: not at safepoint (normal execution)

VM Mutex/Monitor currently owned by a thread: None

Heap address: 0x00000000c0000000, size: 1024 MB, Compressed Oops mode: 32-bit

CDS archive(s) not mapped
Compressed class space mapped at: 0x0000015d80000000-0x0000015dc0000000, reserved size: 1073741824
Narrow klass base: 0x0000015d80000000, Narrow klass shift: 0, Narrow klass range: 0x40000000

GC Precious Log:
 CPUs: 8 total, 8 available
 Memory: 16118M
 Large Page Support: Disabled
 NUMA Support: Disabled
 Compressed Oops: Enabled (32-bit)
 Alignments: Space 512K, Generation 512K, Heap 2M
 Heap Min Capacity: 100M
 Heap Initial Capacity: 100M
 Heap Max Capacity: 1G
 Pre-touch: Disabled
 Parallel Workers: 8

Heap:
 PSYoungGen      total 3584K, used 2618K [0x00000000eab00000, 0x00000000eb000000, 0x0000000100000000)
  eden space 3072K, 68% used [0x00000000eab00000,0x00000000ead0e9a0,0x00000000eae00000)
  from space 512K, 100% used [0x00000000eaf80000,0x00000000eb000000,0x00000000eb000000)
  to   space 1024K, 0% used [0x00000000eae00000,0x00000000eae00000,0x00000000eaf00000)
 ParOldGen       total 229376K, used 191725K [0x00000000c0000000, 0x00000000ce000000, 0x00000000eab00000)
  object space 229376K, 83% used [0x00000000c0000000,0x00000000cbb3b5b0,0x00000000ce000000)
 Metaspace       used 102184K, committed 103808K, reserved 1179648K
  class space    used 10455K, committed 11264K, reserved 1048576K

Card table byte_map: [0x0000015ddc800000,0x0000015ddca10000] _byte_map_base: 0x0000015ddc200000

Marking Bits: (ParMarkBitMap*) 0x00007ffff9e7d7d0
 Begin Bits: [0x0000015deead0000, 0x0000015defad0000)
 End Bits:   [0x0000015defad0000, 0x0000015df0ad0000)

Polling page: 0x0000015ddc5f0000

Metaspace:

Usage:
  Non-class:     89.58 MB used.
      Class:     10.21 MB used.
       Both:     99.79 MB used.

Virtual space:
  Non-class space:      128.00 MB reserved,      90.38 MB ( 71%) committed,  2 nodes.
      Class space:        1.00 GB reserved,      11.00 MB (  1%) committed,  1 nodes.
             Both:        1.12 GB reserved,     101.38 MB (  9%) committed. 

Chunk freelists:
   Non-Class:  5.03 MB
       Class:  5.18 MB
        Both:  10.21 MB

MaxMetaspaceSize: unlimited
CompressedClassSpaceSize: 1.00 GB
Initial GC threshold: 21.00 MB
Current GC threshold: 169.00 MB
CDS: off
MetaspaceReclaimPolicy: balanced
 - commit_granule_bytes: 65536.
 - commit_granule_words: 8192.
 - virtual_space_node_default_size: 8388608.
 - enlarge_chunks_in_place: 1.
 - new_chunks_are_fully_committed: 0.
 - uncommit_free_chunks: 1.
 - use_allocation_guard: 0.
 - handle_deallocations: 1.


Internal statistics:

num_allocs_failed_limit: 9.
num_arena_births: 1410.
num_arena_deaths: 496.
num_vsnodes_births: 3.
num_vsnodes_deaths: 0.
num_space_committed: 1622.
num_space_uncommitted: 0.
num_chunks_returned_to_freelist: 629.
num_chunks_taken_from_freelist: 6091.
num_chunk_merges: 228.
num_chunk_splits: 3528.
num_chunks_enlarged: 1889.
num_inconsistent_stats: 0.

CodeHeap 'non-profiled nmethods': size=120000Kb used=24747Kb max_used=25571Kb free=95252Kb
 bounds [0x0000015de75a0000, 0x0000015de8ea0000, 0x0000015deead0000]
CodeHeap 'profiled nmethods': size=120000Kb used=41580Kb max_used=42189Kb free=78419Kb
 bounds [0x0000015ddfad0000, 0x0000015de2410000, 0x0000015de7000000]
CodeHeap 'non-nmethods': size=5760Kb used=1480Kb max_used=1569Kb free=4279Kb
 bounds [0x0000015de7000000, 0x0000015de7270000, 0x0000015de75a0000]
 total_blobs=20554 nmethods=19731 adapters=731
 compilation: enabled
              stopped_count=0, restarted_count=0
 full_count=0

Compilation events (20 events):
Event: 2465.619 Thread 0x0000015df5d982e0 nmethod 28470 0x0000015de074d710 code [0x0000015de074d8c0, 0x0000015de074dc08]
Event: 2465.694 Thread 0x0000015df0ccde40 28471       4       org.eclipse.jdt.internal.compiler.parser.Parser::consumeAssignmentOperator (6 bytes)
Event: 2465.729 Thread 0x0000015df0ccde40 nmethod 28471 0x0000015de8750990 code [0x0000015de8750b00, 0x0000015de8750bd8]
Event: 2467.259 Thread 0x0000015df5d982e0 28472       3       org.eclipse.jdt.internal.compiler.lookup.ArrayBinding::mentionsAny (10 bytes)
Event: 2467.296 Thread 0x0000015df5d982e0 nmethod 28472 0x0000015de0dbb690 code [0x0000015de0dbb840, 0x0000015de0dbba08]
Event: 2467.665 Thread 0x0000015df0ccde40 28473       4       org.eclipse.jdt.internal.compiler.ast.BinaryExpression::optimizedBooleanConstant (224 bytes)
Event: 2467.692 Thread 0x0000015df5d982e0 28474       3       org.eclipse.jdt.internal.core.hierarchy.HierarchyResolver::findSuperInterfaces (491 bytes)
Event: 2467.748 Thread 0x0000015df0ccde40 nmethod 28473 0x0000015de83bfe10 code [0x0000015de83bffc0, 0x0000015de83c0278]
Event: 2467.816 Thread 0x0000015df5d982e0 nmethod 28474 0x0000015de1b6cc90 code [0x0000015de1b6d160, 0x0000015de1b708c8]
Event: 2468.099 Thread 0x0000015df5d982e0 28475       3       org.eclipse.jdt.internal.compiler.ClassFile::completeCodeAttributeForProblemMethod (471 bytes)
Event: 2468.146 Thread 0x0000015df5d982e0 nmethod 28475 0x0000015de0074690 code [0x0000015de0074900, 0x0000015de0075338]
Event: 2468.181 Thread 0x0000015df5d982e0 28476       3       org.eclipse.jdt.core.dom.PackageDeclaration::<init> (44 bytes)
Event: 2468.215 Thread 0x0000015df5d982e0 nmethod 28476 0x0000015de1b6c390 code [0x0000015de1b6c560, 0x0000015de1b6ca58]
Event: 2468.215 Thread 0x0000015df5d982e0 28477       3       org.eclipse.jdt.core.dom.PackageDeclaration::setName (41 bytes)
Event: 2468.224 Thread 0x0000015df5d982e0 nmethod 28477 0x0000015de0ae2990 code [0x0000015de0ae2b60, 0x0000015de0ae2e28]
Event: 2468.224 Thread 0x0000015df5d982e0 28478       3       org.eclipse.jdt.core.dom.ASTConverter::convert (40 bytes)
Event: 2468.315 Thread 0x0000015df5d982e0 nmethod 28478 0x0000015de18b2010 code [0x0000015de18b22a0, 0x0000015de18b2f28]
Event: 2468.316 Thread 0x0000015df0ccde40 28479       4       org.eclipse.jdt.core.dom.ASTConverter::convert (900 bytes)
Event: 2468.518 Thread 0x0000015df5d982e0 28481       1       org.eclipse.jdt.internal.core.dom.rewrite.ListRewriteEvent::isListRewrite (2 bytes)
Event: 2468.518 Thread 0x0000015df5d982e0 nmethod 28481 0x0000015de8707f10 code [0x0000015de87080a0, 0x0000015de8708178]

GC Heap History (20 events):
Event: 2466.619 GC heap before
{Heap before GC invocations=3734 (full 77):
 PSYoungGen      total 4096K, used 3540K [0x00000000eab00000, 0x00000000eb180000, 0x0000000100000000)
  eden space 2560K, 100% used [0x00000000eab00000,0x00000000ead80000,0x00000000ead80000)
  from space 1536K, 63% used [0x00000000eb000000,0x00000000eb0f5220,0x00000000eb180000)
  to   space 2048K, 0% used [0x00000000ead80000,0x00000000ead80000,0x00000000eaf80000)
 ParOldGen       total 229376K, used 187921K [0x00000000c0000000, 0x00000000ce000000, 0x00000000eab00000)
  object space 229376K, 81% used [0x00000000c0000000,0x00000000cb784680,0x00000000ce000000)
 Metaspace       used 102181K, committed 103808K, reserved 1179648K
  class space    used 10455K, committed 11264K, reserved 1048576K
}
Event: 2466.635 GC heap after
{Heap after GC invocations=3734 (full 77):
 PSYoungGen      total 4608K, used 608K [0x00000000eab00000, 0x00000000eb080000, 0x0000000100000000)
  eden space 2560K, 0% used [0x00000000eab00000,0x00000000eab00000,0x00000000ead80000)
  from space 2048K, 29% used [0x00000000ead80000,0x00000000eae18000,0x00000000eaf80000)
  to   space 1024K, 0% used [0x00000000eaf80000,0x00000000eaf80000,0x00000000eb080000)
 ParOldGen       total 229376K, used 188738K [0x00000000c0000000, 0x00000000ce000000, 0x00000000eab00000)
  object space 229376K, 82% used [0x00000000c0000000,0x00000000cb8508d0,0x00000000ce000000)
 Metaspace       used 102181K, committed 103808K, reserved 1179648K
  class space    used 10455K, committed 11264K, reserved 1048576K
}
Event: 2466.822 GC heap before
{Heap before GC invocations=3735 (full 77):
 PSYoungGen      total 4608K, used 3168K [0x00000000eab00000, 0x00000000eb080000, 0x0000000100000000)
  eden space 2560K, 100% used [0x00000000eab00000,0x00000000ead80000,0x00000000ead80000)
  from space 2048K, 29% used [0x00000000ead80000,0x00000000eae18000,0x00000000eaf80000)
  to   space 1024K, 0% used [0x00000000eaf80000,0x00000000eaf80000,0x00000000eb080000)
 ParOldGen       total 229376K, used 188738K [0x00000000c0000000, 0x00000000ce000000, 0x00000000eab00000)
  object space 229376K, 82% used [0x00000000c0000000,0x00000000cb8508d0,0x00000000ce000000)
 Metaspace       used 102181K, committed 103808K, reserved 1179648K
  class space    used 10455K, committed 11264K, reserved 1048576K
}
Event: 2466.829 GC heap after
{Heap after GC invocations=3735 (full 77):
 PSYoungGen      total 3072K, used 288K [0x00000000eab00000, 0x00000000eb000000, 0x0000000100000000)
  eden space 2560K, 0% used [0x00000000eab00000,0x00000000eab00000,0x00000000ead80000)
  from space 512K, 56% used [0x00000000eaf80000,0x00000000eafc8000,0x00000000eb000000)
  to   space 512K, 0% used [0x00000000eaf00000,0x00000000eaf00000,0x00000000eaf80000)
 ParOldGen       total 229376K, used 189250K [0x00000000c0000000, 0x00000000ce000000, 0x00000000eab00000)
  object space 229376K, 82% used [0x00000000c0000000,0x00000000cb8d08d0,0x00000000ce000000)
 Metaspace       used 102181K, committed 103808K, reserved 1179648K
  class space    used 10455K, committed 11264K, reserved 1048576K
}
Event: 2467.073 GC heap before
{Heap before GC invocations=3736 (full 77):
 PSYoungGen      total 3072K, used 2847K [0x00000000eab00000, 0x00000000eb000000, 0x0000000100000000)
  eden space 2560K, 99% used [0x00000000eab00000,0x00000000ead7ff70,0x00000000ead80000)
  from space 512K, 56% used [0x00000000eaf80000,0x00000000eafc8000,0x00000000eb000000)
  to   space 512K, 0% used [0x00000000eaf00000,0x00000000eaf00000,0x00000000eaf80000)
 ParOldGen       total 229376K, used 189250K [0x00000000c0000000, 0x00000000ce000000, 0x00000000eab00000)
  object space 229376K, 82% used [0x00000000c0000000,0x00000000cb8d08d0,0x00000000ce000000)
 Metaspace       used 102181K, committed 103808K, reserved 1179648K
  class space    used 10455K, committed 11264K, reserved 1048576K
}
Event: 2467.080 GC heap after
{Heap after GC invocations=3736 (full 77):
 PSYoungGen      total 3072K, used 416K [0x00000000eab00000, 0x00000000eb000000, 0x0000000100000000)
  eden space 2560K, 0% used [0x00000000eab00000,0x00000000eab00000,0x00000000ead80000)
  from space 512K, 81% used [0x00000000eaf00000,0x00000000eaf68000,0x00000000eaf80000)
  to   space 512K, 0% used [0x00000000eaf80000,0x00000000eaf80000,0x00000000eb000000)
 ParOldGen       total 229376K, used 189386K [0x00000000c0000000, 0x00000000ce000000, 0x00000000eab00000)
  object space 229376K, 82% used [0x00000000c0000000,0x00000000cb8f28d0,0x00000000ce000000)
 Metaspace       used 102181K, committed 103808K, reserved 1179648K
  class space    used 10455K, committed 11264K, reserved 1048576K
}
Event: 2467.562 GC heap before
{Heap before GC invocations=3737 (full 77):
 PSYoungGen      total 3072K, used 2976K [0x00000000eab00000, 0x00000000eb000000, 0x0000000100000000)
  eden space 2560K, 100% used [0x00000000eab00000,0x00000000ead80000,0x00000000ead80000)
  from space 512K, 81% used [0x00000000eaf00000,0x00000000eaf68000,0x00000000eaf80000)
  to   space 512K, 0% used [0x00000000eaf80000,0x00000000eaf80000,0x00000000eb000000)
 ParOldGen       total 229376K, used 189386K [0x00000000c0000000, 0x00000000ce000000, 0x00000000eab00000)
  object space 229376K, 82% used [0x00000000c0000000,0x00000000cb8f28d0,0x00000000ce000000)
 Metaspace       used 102182K, committed 103808K, reserved 1179648K
  class space    used 10455K, committed 11264K, reserved 1048576K
}
Event: 2467.578 GC heap after
{Heap after GC invocations=3737 (full 77):
 PSYoungGen      total 3072K, used 320K [0x00000000eab00000, 0x00000000eb000000, 0x0000000100000000)
  eden space 2560K, 0% used [0x00000000eab00000,0x00000000eab00000,0x00000000ead80000)
  from space 512K, 62% used [0x00000000eaf80000,0x00000000eafd0000,0x00000000eb000000)
  to   space 512K, 0% used [0x00000000eaf00000,0x00000000eaf00000,0x00000000eaf80000)
 ParOldGen       total 229376K, used 189662K [0x00000000c0000000, 0x00000000ce000000, 0x00000000eab00000)
  object space 229376K, 82% used [0x00000000c0000000,0x00000000cb9378e0,0x00000000ce000000)
 Metaspace       used 102182K, committed 103808K, reserved 1179648K
  class space    used 10455K, committed 11264K, reserved 1048576K
}
Event: 2467.714 GC heap before
{Heap before GC invocations=3738 (full 77):
 PSYoungGen      total 3072K, used 2879K [0x00000000eab00000, 0x00000000eb000000, 0x0000000100000000)
  eden space 2560K, 99% used [0x00000000eab00000,0x00000000ead7ffe0,0x00000000ead80000)
  from space 512K, 62% used [0x00000000eaf80000,0x00000000eafd0000,0x00000000eb000000)
  to   space 512K, 0% used [0x00000000eaf00000,0x00000000eaf00000,0x00000000eaf80000)
 ParOldGen       total 229376K, used 189662K [0x00000000c0000000, 0x00000000ce000000, 0x00000000eab00000)
  object space 229376K, 82% used [0x00000000c0000000,0x00000000cb9378e0,0x00000000ce000000)
 Metaspace       used 102182K, committed 103808K, reserved 1179648K
  class space    used 10455K, committed 11264K, reserved 1048576K
}
Event: 2467.723 GC heap after
{Heap after GC invocations=3738 (full 77):
 PSYoungGen      total 3072K, used 512K [0x00000000eab00000, 0x00000000eb000000, 0x0000000100000000)
  eden space 2560K, 0% used [0x00000000eab00000,0x00000000eab00000,0x00000000ead80000)
  from space 512K, 100% used [0x00000000eaf00000,0x00000000eaf80000,0x00000000eaf80000)
  to   space 512K, 0% used [0x00000000eaf80000,0x00000000eaf80000,0x00000000eb000000)
 ParOldGen       total 229376K, used 189948K [0x00000000c0000000, 0x00000000ce000000, 0x00000000eab00000)
  object space 229376K, 82% used [0x00000000c0000000,0x00000000cb97f2f0,0x00000000ce000000)
 Metaspace       used 102182K, committed 103808K, reserved 1179648K
  class space    used 10455K, committed 11264K, reserved 1048576K
}
Event: 2467.834 GC heap before
{Heap before GC invocations=3739 (full 77):
 PSYoungGen      total 3072K, used 3072K [0x00000000eab00000, 0x00000000eb000000, 0x0000000100000000)
  eden space 2560K, 100% used [0x00000000eab00000,0x00000000ead80000,0x00000000ead80000)
  from space 512K, 100% used [0x00000000eaf00000,0x00000000eaf80000,0x00000000eaf80000)
  to   space 512K, 0% used [0x00000000eaf80000,0x00000000eaf80000,0x00000000eb000000)
 ParOldGen       total 229376K, used 189948K [0x00000000c0000000, 0x00000000ce000000, 0x00000000eab00000)
  object space 229376K, 82% used [0x00000000c0000000,0x00000000cb97f2f0,0x00000000ce000000)
 Metaspace       used 102183K, committed 103808K, reserved 1179648K
  class space    used 10455K, committed 11264K, reserved 1048576K
}
Event: 2467.842 GC heap after
{Heap after GC invocations=3739 (full 77):
 PSYoungGen      total 3072K, used 288K [0x00000000eab00000, 0x00000000eb000000, 0x0000000100000000)
  eden space 2560K, 0% used [0x00000000eab00000,0x00000000eab00000,0x00000000ead80000)
  from space 512K, 56% used [0x00000000eaf80000,0x00000000eafc8000,0x00000000eb000000)
  to   space 512K, 0% used [0x00000000eaf00000,0x00000000eaf00000,0x00000000eaf80000)
 ParOldGen       total 229376K, used 190456K [0x00000000c0000000, 0x00000000ce000000, 0x00000000eab00000)
  object space 229376K, 83% used [0x00000000c0000000,0x00000000cb9fe300,0x00000000ce000000)
 Metaspace       used 102183K, committed 103808K, reserved 1179648K
  class space    used 10455K, committed 11264K, reserved 1048576K
}
Event: 2467.856 GC heap before
{Heap before GC invocations=3740 (full 77):
 PSYoungGen      total 3072K, used 2848K [0x00000000eab00000, 0x00000000eb000000, 0x0000000100000000)
  eden space 2560K, 100% used [0x00000000eab00000,0x00000000ead80000,0x00000000ead80000)
  from space 512K, 56% used [0x00000000eaf80000,0x00000000eafc8000,0x00000000eb000000)
  to   space 512K, 0% used [0x00000000eaf00000,0x00000000eaf00000,0x00000000eaf80000)
 ParOldGen       total 229376K, used 190456K [0x00000000c0000000, 0x00000000ce000000, 0x00000000eab00000)
  object space 229376K, 83% used [0x00000000c0000000,0x00000000cb9fe300,0x00000000ce000000)
 Metaspace       used 102183K, committed 103808K, reserved 1179648K
  class space    used 10455K, committed 11264K, reserved 1048576K
}
Event: 2467.863 GC heap after
{Heap after GC invocations=3740 (full 77):
 PSYoungGen      total 3072K, used 506K [0x00000000eab00000, 0x00000000eb000000, 0x0000000100000000)
  eden space 2560K, 0% used [0x00000000eab00000,0x00000000eab00000,0x00000000ead80000)
  from space 512K, 98% used [0x00000000eaf00000,0x00000000eaf7e900,0x00000000eaf80000)
  to   space 512K, 0% used [0x00000000eaf80000,0x00000000eaf80000,0x00000000eb000000)
 ParOldGen       total 229376K, used 190624K [0x00000000c0000000, 0x00000000ce000000, 0x00000000eab00000)
  object space 229376K, 83% used [0x00000000c0000000,0x00000000cba28370,0x00000000ce000000)
 Metaspace       used 102183K, committed 103808K, reserved 1179648K
  class space    used 10455K, committed 11264K, reserved 1048576K
}
Event: 2467.877 GC heap before
{Heap before GC invocations=3741 (full 77):
 PSYoungGen      total 3072K, used 3066K [0x00000000eab00000, 0x00000000eb000000, 0x0000000100000000)
  eden space 2560K, 100% used [0x00000000eab00000,0x00000000ead80000,0x00000000ead80000)
  from space 512K, 98% used [0x00000000eaf00000,0x00000000eaf7e900,0x00000000eaf80000)
  to   space 512K, 0% used [0x00000000eaf80000,0x00000000eaf80000,0x00000000eb000000)
 ParOldGen       total 229376K, used 190624K [0x00000000c0000000, 0x00000000ce000000, 0x00000000eab00000)
  object space 229376K, 83% used [0x00000000c0000000,0x00000000cba28370,0x00000000ce000000)
 Metaspace       used 102183K, committed 103808K, reserved 1179648K
  class space    used 10455K, committed 11264K, reserved 1048576K
}
Event: 2467.882 GC heap after
{Heap after GC invocations=3741 (full 77):
 PSYoungGen      total 3584K, used 416K [0x00000000eab00000, 0x00000000eb000000, 0x0000000100000000)
  eden space 3072K, 0% used [0x00000000eab00000,0x00000000eab00000,0x00000000eae00000)
  from space 512K, 81% used [0x00000000eaf80000,0x00000000eafe8000,0x00000000eb000000)
  to   space 512K, 0% used [0x00000000eaf00000,0x00000000eaf00000,0x00000000eaf80000)
 ParOldGen       total 229376K, used 191037K [0x00000000c0000000, 0x00000000ce000000, 0x00000000eab00000)
  object space 229376K, 83% used [0x00000000c0000000,0x00000000cba8f590,0x00000000ce000000)
 Metaspace       used 102183K, committed 103808K, reserved 1179648K
  class space    used 10455K, committed 11264K, reserved 1048576K
}
Event: 2468.017 GC heap before
{Heap before GC invocations=3742 (full 77):
 PSYoungGen      total 3584K, used 3488K [0x00000000eab00000, 0x00000000eb000000, 0x0000000100000000)
  eden space 3072K, 100% used [0x00000000eab00000,0x00000000eae00000,0x00000000eae00000)
  from space 512K, 81% used [0x00000000eaf80000,0x00000000eafe8000,0x00000000eb000000)
  to   space 512K, 0% used [0x00000000eaf00000,0x00000000eaf00000,0x00000000eaf80000)
 ParOldGen       total 229376K, used 191037K [0x00000000c0000000, 0x00000000ce000000, 0x00000000eab00000)
  object space 229376K, 83% used [0x00000000c0000000,0x00000000cba8f590,0x00000000ce000000)
 Metaspace       used 102183K, committed 103808K, reserved 1179648K
  class space    used 10455K, committed 11264K, reserved 1048576K
}
Event: 2468.024 GC heap after
{Heap after GC invocations=3742 (full 77):
 PSYoungGen      total 3584K, used 512K [0x00000000eab00000, 0x00000000eb000000, 0x0000000100000000)
  eden space 3072K, 0% used [0x00000000eab00000,0x00000000eab00000,0x00000000eae00000)
  from space 512K, 100% used [0x00000000eaf00000,0x00000000eaf80000,0x00000000eaf80000)
  to   space 512K, 0% used [0x00000000eaf80000,0x00000000eaf80000,0x00000000eb000000)
 ParOldGen       total 229376K, used 191297K [0x00000000c0000000, 0x00000000ce000000, 0x00000000eab00000)
  object space 229376K, 83% used [0x00000000c0000000,0x00000000cbad05a0,0x00000000ce000000)
 Metaspace       used 102183K, committed 103808K, reserved 1179648K
  class space    used 10455K, committed 11264K, reserved 1048576K
}
Event: 2468.611 GC heap before
{Heap before GC invocations=3743 (full 77):
 PSYoungGen      total 3584K, used 3584K [0x00000000eab00000, 0x00000000eb000000, 0x0000000100000000)
  eden space 3072K, 100% used [0x00000000eab00000,0x00000000eae00000,0x00000000eae00000)
  from space 512K, 100% used [0x00000000eaf00000,0x00000000eaf80000,0x00000000eaf80000)
  to   space 512K, 0% used [0x00000000eaf80000,0x00000000eaf80000,0x00000000eb000000)
 ParOldGen       total 229376K, used 191297K [0x00000000c0000000, 0x00000000ce000000, 0x00000000eab00000)
  object space 229376K, 83% used [0x00000000c0000000,0x00000000cbad05a0,0x00000000ce000000)
 Metaspace       used 102184K, committed 103808K, reserved 1179648K
  class space    used 10455K, committed 11264K, reserved 1048576K
}
Event: 2468.625 GC heap after
{Heap after GC invocations=3743 (full 77):
 PSYoungGen      total 3584K, used 512K [0x00000000eab00000, 0x00000000eb000000, 0x0000000100000000)
  eden space 3072K, 0% used [0x00000000eab00000,0x00000000eab00000,0x00000000eae00000)
  from space 512K, 100% used [0x00000000eaf80000,0x00000000eb000000,0x00000000eb000000)
  to   space 1024K, 0% used [0x00000000eae00000,0x00000000eae00000,0x00000000eaf00000)
 ParOldGen       total 229376K, used 191725K [0x00000000c0000000, 0x00000000ce000000, 0x00000000eab00000)
  object space 229376K, 83% used [0x00000000c0000000,0x00000000cbb3b5b0,0x00000000ce000000)
 Metaspace       used 102184K, committed 103808K, reserved 1179648K
  class space    used 10455K, committed 11264K, reserved 1048576K
}

Dll operation events (12 events):
Event: 0.022 Loaded shared library c:\Users\User\.vscode\extensions\redhat.java-1.28.1-win32-x64\jre\17.0.10-win32-x86_64\bin\java.dll
Event: 0.538 Loaded shared library c:\Users\User\.vscode\extensions\redhat.java-1.28.1-win32-x64\jre\17.0.10-win32-x86_64\bin\zip.dll
Event: 0.542 Loaded shared library C:\Users\User\.vscode\extensions\redhat.java-1.28.1-win32-x64\jre\17.0.10-win32-x86_64\bin\instrument.dll
Event: 0.562 Loaded shared library C:\Users\User\.vscode\extensions\redhat.java-1.28.1-win32-x64\jre\17.0.10-win32-x86_64\bin\net.dll
Event: 0.564 Loaded shared library C:\Users\User\.vscode\extensions\redhat.java-1.28.1-win32-x64\jre\17.0.10-win32-x86_64\bin\nio.dll
Event: 0.576 Loaded shared library C:\Users\User\.vscode\extensions\redhat.java-1.28.1-win32-x64\jre\17.0.10-win32-x86_64\bin\zip.dll
Event: 0.650 Loaded shared library C:\Users\User\.vscode\extensions\redhat.java-1.28.1-win32-x64\jre\17.0.10-win32-x86_64\bin\jimage.dll
Event: 0.804 Loaded shared library c:\Users\User\.vscode\extensions\redhat.java-1.28.1-win32-x64\jre\17.0.10-win32-x86_64\bin\verify.dll
Event: 8.605 Loaded shared library C:\Users\User\AppData\Roaming\Code\User\globalStorage\redhat.java\1.28.1\config_win\org.eclipse.equinox.launcher\org.eclipse.equinox.launcher.win32.win32.x86_64_1.2.900.v20240129-1338\eclipse_11900.dll
Event: 19.283 Loaded shared library C:\Users\User\AppData\Local\Temp\jna-2645995\jna14202306303803878819.dll
Event: 26.611 Loaded shared library C:\Users\User\.vscode\extensions\redhat.java-1.28.1-win32-x64\jre\17.0.10-win32-x86_64\bin\sunmscapi.dll
Event: 109.135 Loaded shared library C:\Users\User\.vscode\extensions\redhat.java-1.28.1-win32-x64\jre\17.0.10-win32-x86_64\bin\extnet.dll

Deoptimization events (20 events):
Event: 2396.015 Thread 0x0000015dfa8e44a0 Uncommon trap: trap_request=0xffffff6e fr.pc=0x0000015de8961b34 relative=0x0000000000000214
Event: 2396.016 Thread 0x0000015dfa8e44a0 Uncommon trap: reason=loop_limit_check action=maybe_recompile pc=0x0000015de8961b34 method=org.eclipse.jdt.internal.codeassist.impl.AssistParser.popUntilElement(I)V @ 103 c2
Event: 2396.016 Thread 0x0000015dfa8e44a0 DEOPT PACKING pc=0x0000015de8961b34 sp=0x0000000107dfe1c0
Event: 2396.021 Thread 0x0000015dfa8e44a0 DEOPT UNPACKING pc=0x0000015de7059ea3 sp=0x0000000107dfe158 mode 2
Event: 2397.124 Thread 0x0000015dfa8e44a0 Uncommon trap: trap_request=0xffffff66 fr.pc=0x0000015de864180c relative=0x00000000000001ec
Event: 2397.124 Thread 0x0000015dfa8e44a0 Uncommon trap: reason=speculate_class_check action=maybe_recompile pc=0x0000015de864180c method=org.eclipse.jdt.internal.core.JavaElement.getElementInfo()Lorg/eclipse/jdt/internal/compiler/env/IElementInfo; @ 2 c2
Event: 2397.124 Thread 0x0000015dfa8e44a0 DEOPT PACKING pc=0x0000015de864180c sp=0x0000000107dfe360
Event: 2397.124 Thread 0x0000015dfa8e44a0 DEOPT UNPACKING pc=0x0000015de7059ea3 sp=0x0000000107dfe298 mode 2
Event: 2397.125 Thread 0x0000015dfa8e44a0 Uncommon trap: trap_request=0xffffff66 fr.pc=0x0000015de864180c relative=0x00000000000001ec
Event: 2397.125 Thread 0x0000015dfa8e44a0 Uncommon trap: reason=speculate_class_check action=maybe_recompile pc=0x0000015de864180c method=org.eclipse.jdt.internal.core.JavaElement.getElementInfo()Lorg/eclipse/jdt/internal/compiler/env/IElementInfo; @ 2 c2
Event: 2397.125 Thread 0x0000015dfa8e44a0 DEOPT PACKING pc=0x0000015de864180c sp=0x0000000107dfe360
Event: 2397.125 Thread 0x0000015dfa8e44a0 DEOPT UNPACKING pc=0x0000015de7059ea3 sp=0x0000000107dfe298 mode 2
Event: 2397.128 Thread 0x0000015dfa8e44a0 Uncommon trap: trap_request=0xffffff66 fr.pc=0x0000015de864180c relative=0x00000000000001ec
Event: 2397.128 Thread 0x0000015dfa8e44a0 Uncommon trap: reason=speculate_class_check action=maybe_recompile pc=0x0000015de864180c method=org.eclipse.jdt.internal.core.JavaElement.getElementInfo()Lorg/eclipse/jdt/internal/compiler/env/IElementInfo; @ 2 c2
Event: 2397.128 Thread 0x0000015dfa8e44a0 DEOPT PACKING pc=0x0000015de864180c sp=0x0000000107dfe600
Event: 2397.128 Thread 0x0000015dfa8e44a0 DEOPT UNPACKING pc=0x0000015de7059ea3 sp=0x0000000107dfe540 mode 2
Event: 2397.128 Thread 0x0000015dfa8e44a0 Uncommon trap: trap_request=0xffffff66 fr.pc=0x0000015de864180c relative=0x00000000000001ec
Event: 2397.128 Thread 0x0000015dfa8e44a0 Uncommon trap: reason=speculate_class_check action=maybe_recompile pc=0x0000015de864180c method=org.eclipse.jdt.internal.core.JavaElement.getElementInfo()Lorg/eclipse/jdt/internal/compiler/env/IElementInfo; @ 2 c2
Event: 2397.128 Thread 0x0000015dfa8e44a0 DEOPT PACKING pc=0x0000015de864180c sp=0x0000000107dfe690
Event: 2397.128 Thread 0x0000015dfa8e44a0 DEOPT UNPACKING pc=0x0000015de7059ea3 sp=0x0000000107dfe5d0 mode 2

Classes unloaded (20 events):
Event: 1759.096 Thread 0x0000015ddceeecd0 Unloading class 0x0000015d80226800 'jdk/internal/reflect/GeneratedConstructorAccessor3'
Event: 1759.096 Thread 0x0000015ddceeecd0 Unloading class 0x0000015d80224400 'java/lang/invoke/LambdaForm$MH+0x0000015d80224400'
Event: 1759.096 Thread 0x0000015ddceeecd0 Unloading class 0x0000015d80224000 'java/lang/invoke/LambdaForm$MH+0x0000015d80224000'
Event: 1759.096 Thread 0x0000015ddceeecd0 Unloading class 0x0000015d80223c00 'java/lang/invoke/LambdaForm$MH+0x0000015d80223c00'
Event: 1759.096 Thread 0x0000015ddceeecd0 Unloading class 0x0000015d80222c00 'java/lang/invoke/LambdaForm$MH+0x0000015d80222c00'
Event: 1759.096 Thread 0x0000015ddceeecd0 Unloading class 0x0000015d80222800 'java/lang/invoke/LambdaForm$MH+0x0000015d80222800'
Event: 1759.096 Thread 0x0000015ddceeecd0 Unloading class 0x0000015d80222000 'java/lang/invoke/LambdaForm$MH+0x0000015d80222000'
Event: 1759.096 Thread 0x0000015ddceeecd0 Unloading class 0x0000015d801b1c00 'java/lang/invoke/LambdaForm$MH+0x0000015d801b1c00'
Event: 1759.096 Thread 0x0000015ddceeecd0 Unloading class 0x0000015d801b1800 'java/lang/invoke/LambdaForm$MH+0x0000015d801b1800'
Event: 1759.096 Thread 0x0000015ddceeecd0 Unloading class 0x0000015d801b1400 'java/lang/invoke/LambdaForm$MH+0x0000015d801b1400'
Event: 1759.096 Thread 0x0000015ddceeecd0 Unloading class 0x0000015d801b1000 'java/lang/invoke/LambdaForm$MH+0x0000015d801b1000'
Event: 1759.096 Thread 0x0000015ddceeecd0 Unloading class 0x0000015d801b0c00 'java/lang/invoke/LambdaForm$MH+0x0000015d801b0c00'
Event: 1759.096 Thread 0x0000015ddceeecd0 Unloading class 0x0000015d801b0800 'java/lang/invoke/LambdaForm$MH+0x0000015d801b0800'
Event: 1759.096 Thread 0x0000015ddceeecd0 Unloading class 0x0000015d801b0400 'java/lang/invoke/LambdaForm$MH+0x0000015d801b0400'
Event: 1759.096 Thread 0x0000015ddceeecd0 Unloading class 0x0000015d801b0000 'java/lang/invoke/LambdaForm$MH+0x0000015d801b0000'
Event: 1759.096 Thread 0x0000015ddceeecd0 Unloading class 0x0000015d80129000 'jdk/internal/reflect/GeneratedMethodAccessor5'
Event: 1759.096 Thread 0x0000015ddceeecd0 Unloading class 0x0000015d80128c00 'jdk/internal/reflect/GeneratedMethodAccessor4'
Event: 1759.096 Thread 0x0000015ddceeecd0 Unloading class 0x0000015d80128800 'jdk/internal/reflect/GeneratedMethodAccessor3'
Event: 1759.096 Thread 0x0000015ddceeecd0 Unloading class 0x0000015d80128400 'jdk/internal/reflect/GeneratedMethodAccessor2'
Event: 1759.096 Thread 0x0000015ddceeecd0 Unloading class 0x0000015d80128000 'jdk/internal/reflect/GeneratedMethodAccessor1'

Classes redefined (0 events):
No events

Internal exceptions (20 events):
Event: 2280.816 Thread 0x0000015df76e2f50 Exception <a 'sun/nio/fs/WindowsException'{0x00000000eab11840}> (0x00000000eab11840) 
thrown [s\src\hotspot\share\prims\jni.cpp, line 516]
Event: 2329.877 Thread 0x0000015dfa8e44a0 Implicit null exception at 0x0000015de8c449ad to 0x0000015de8c44f64
Event: 2330.101 Thread 0x0000015dfa8e44a0 Exception <a 'java/lang/ClassNotFoundException'{0x00000000eb688cf0}: sun/net/www/protocol/jdt/Handler> (0x00000000eb688cf0) 
thrown [s\src\hotspot\share\classfile\systemDictionary.cpp, line 256]
Event: 2330.102 Thread 0x0000015dfa8e44a0 Exception <a 'java/lang/ClassNotFoundException'{0x00000000eb68b8d0}: sun/net/www/protocol/jdt/Handler> (0x00000000eb68b8d0) 
thrown [s\src\hotspot\share\classfile\systemDictionary.cpp, line 256]
Event: 2330.102 Thread 0x0000015dfa8e44a0 Exception <a 'java/lang/ClassNotFoundException'{0x00000000eb690780}: sun/net/www/protocol/jdt/Handler> (0x00000000eb690780) 
thrown [s\src\hotspot\share\classfile\systemDictionary.cpp, line 256]
Event: 2330.102 Thread 0x0000015dfa8e44a0 Exception <a 'java/lang/ClassNotFoundException'{0x00000000eb694df0}: sun/net/www/protocol/jdt/Handler> (0x00000000eb694df0) 
thrown [s\src\hotspot\share\classfile\systemDictionary.cpp, line 256]
Event: 2330.102 Thread 0x0000015dfa8e44a0 Exception <a 'java/lang/ClassNotFoundException'{0x00000000eb6974e0}: sun/net/www/protocol/jdt/Handler> (0x00000000eb6974e0) 
thrown [s\src\hotspot\share\classfile\systemDictionary.cpp, line 256]
Event: 2330.103 Thread 0x0000015dfa8e44a0 Exception <a 'java/lang/ClassNotFoundException'{0x00000000eb699c10}: sun/net/www/protocol/jdt/Handler> (0x00000000eb699c10) 
thrown [s\src\hotspot\share\classfile\systemDictionary.cpp, line 256]
Event: 2330.103 Thread 0x0000015dfa8e44a0 Exception <a 'java/lang/ClassNotFoundException'{0x00000000eb69c368}: sun/net/www/protocol/jdt/Handler> (0x00000000eb69c368) 
thrown [s\src\hotspot\share\classfile\systemDictionary.cpp, line 256]
Event: 2333.289 Thread 0x0000015dfa8e44a0 Exception <a 'java/lang/ArrayIndexOutOfBoundsException'{0x00000000eb1e99b0}> (0x00000000eb1e99b0) 
thrown [s\src\hotspot\share\runtime\sharedRuntime.cpp, line 631]
Event: 2333.289 Thread 0x0000015dfa8e44a0 Exception <a 'java/lang/ArrayIndexOutOfBoundsException'{0x00000000eb1ea048}> (0x00000000eb1ea048) 
thrown [s\src\hotspot\share\runtime\sharedRuntime.cpp, line 631]
Event: 2333.289 Thread 0x0000015dfa8e44a0 Exception <a 'java/lang/ArrayIndexOutOfBoundsException'{0x00000000eb1ea3d0}> (0x00000000eb1ea3d0) 
thrown [s\src\hotspot\share\runtime\sharedRuntime.cpp, line 631]
Event: 2335.719 Thread 0x0000015dfa8e44a0 Exception <a 'java/lang/ArrayIndexOutOfBoundsException'{0x00000000ead670e0}: Index 4110 out of bounds for length 4110> (0x00000000ead670e0) 
thrown [s\src\hotspot\share\interpreter\interpreterRuntime.cpp, line 428]
Event: 2359.696 Thread 0x0000015df76e2020 Exception <a 'java/lang/ArrayIndexOutOfBoundsException'{0x00000000eab27f58}> (0x00000000eab27f58) 
thrown [s\src\hotspot\share\runtime\sharedRuntime.cpp, line 631]
Event: 2360.550 Thread 0x0000015dfa8e44a0 Exception <a 'java/lang/ArrayIndexOutOfBoundsException'{0x00000000eafba1c0}> (0x00000000eafba1c0) 
thrown [s\src\hotspot\share\runtime\sharedRuntime.cpp, line 631]
Event: 2361.412 Thread 0x0000015df76e2020 Exception <a 'java/lang/ArrayIndexOutOfBoundsException'{0x00000000eafdf600}> (0x00000000eafdf600) 
thrown [s\src\hotspot\share\runtime\sharedRuntime.cpp, line 631]
Event: 2362.938 Thread 0x0000015dfa8e44a0 Exception <a 'java/lang/ArrayIndexOutOfBoundsException'{0x00000000eaf95c48}> (0x00000000eaf95c48) 
thrown [s\src\hotspot\share\runtime\sharedRuntime.cpp, line 631]
Event: 2375.090 Thread 0x0000015df76e2020 Exception <a 'java/lang/ArrayIndexOutOfBoundsException'{0x00000000eb71f928}> (0x00000000eb71f928) 
thrown [s\src\hotspot\share\runtime\sharedRuntime.cpp, line 631]
Event: 2380.315 Thread 0x0000015dfa8e44a0 Exception <a 'java/lang/ArrayIndexOutOfBoundsException'{0x00000000eaea4d68}> (0x00000000eaea4d68) 
thrown [s\src\hotspot\share\runtime\sharedRuntime.cpp, line 631]
Event: 2389.309 Thread 0x0000015dfa8e44a0 Exception <a 'java/lang/ArrayIndexOutOfBoundsException'{0x00000000eab6c918}> (0x00000000eab6c918) 
thrown [s\src\hotspot\share\runtime\sharedRuntime.cpp, line 631]

VM Operations (20 events):
Event: 2466.619 Executing VM operation: ParallelGCFailedAllocation
Event: 2466.635 Executing VM operation: ParallelGCFailedAllocation done
Event: 2466.810 Executing VM operation: ParallelGCFailedAllocation
Event: 2466.829 Executing VM operation: ParallelGCFailedAllocation done
Event: 2467.056 Executing VM operation: ParallelGCFailedAllocation
Event: 2467.080 Executing VM operation: ParallelGCFailedAllocation done
Event: 2467.553 Executing VM operation: ParallelGCFailedAllocation
Event: 2467.578 Executing VM operation: ParallelGCFailedAllocation done
Event: 2467.693 Executing VM operation: ParallelGCFailedAllocation
Event: 2467.724 Executing VM operation: ParallelGCFailedAllocation done
Event: 2467.834 Executing VM operation: ParallelGCFailedAllocation
Event: 2467.842 Executing VM operation: ParallelGCFailedAllocation done
Event: 2467.856 Executing VM operation: ParallelGCFailedAllocation
Event: 2467.863 Executing VM operation: ParallelGCFailedAllocation done
Event: 2467.877 Executing VM operation: ParallelGCFailedAllocation
Event: 2467.882 Executing VM operation: ParallelGCFailedAllocation done
Event: 2468.017 Executing VM operation: ParallelGCFailedAllocation
Event: 2468.024 Executing VM operation: ParallelGCFailedAllocation done
Event: 2468.611 Executing VM operation: ParallelGCFailedAllocation
Event: 2468.625 Executing VM operation: ParallelGCFailedAllocation done

Events (20 events):
Event: 2409.785 Thread 0x0000015df5d98fa0 flushing nmethod 0x0000015de1961910
Event: 2409.786 Thread 0x0000015df5d98fa0 flushing nmethod 0x0000015de197ac90
Event: 2409.786 Thread 0x0000015df5d98fa0 flushing nmethod 0x0000015de197c710
Event: 2409.787 Thread 0x0000015df5d98fa0 flushing nmethod 0x0000015de19ccc90
Event: 2409.787 Thread 0x0000015df5d98fa0 flushing nmethod 0x0000015de19d5490
Event: 2409.787 Thread 0x0000015df5d98fa0 flushing nmethod 0x0000015de19db510
Event: 2409.787 Thread 0x0000015df5d98fa0 flushing nmethod 0x0000015de19dbb10
Event: 2409.787 Thread 0x0000015df5d98fa0 flushing nmethod 0x0000015de19e2790
Event: 2409.853 Thread 0x0000015df5d98fa0 flushing nmethod 0x0000015de1ac6710
Event: 2409.855 Thread 0x0000015df5d98fa0 flushing nmethod 0x0000015de1b6c390
Event: 2409.856 Thread 0x0000015df5d98fa0 flushing nmethod 0x0000015de1d56490
Event: 2409.889 Thread 0x0000015df5d98fa0 flushing nmethod 0x0000015de1e0b290
Event: 2409.890 Thread 0x0000015df5d98fa0 flushing nmethod 0x0000015de1e58d10
Event: 2409.890 Thread 0x0000015df5d98fa0 flushing nmethod 0x0000015de1ec4590
Event: 2409.892 Thread 0x0000015df5d98fa0 flushing nmethod 0x0000015de1fbdc90
Event: 2409.893 Thread 0x0000015df5d98fa0 flushing nmethod 0x0000015de2014810
Event: 2409.893 Thread 0x0000015df5d98fa0 flushing nmethod 0x0000015de2070a10
Event: 2409.894 Thread 0x0000015df5d98fa0 flushing nmethod 0x0000015de20e0010
Event: 2409.895 Thread 0x0000015df5d98fa0 flushing nmethod 0x0000015de21cc390
Event: 2437.033 Thread 0x0000015df76e1600 Thread exited: 0x0000015df76e1600


Dynamic libraries:
0x00007ff6db710000 - 0x00007ff6db71e000 	c:\Users\User\.vscode\extensions\redhat.java-1.28.1-win32-x64\jre\17.0.10-win32-x86_64\bin\java.exe
0x00007ff8a73b0000 - 0x00007ff8a75c6000 	C:\WINDOWS\SYSTEM32\ntdll.dll
0x00007ff8a6910000 - 0x00007ff8a69d4000 	C:\WINDOWS\System32\KERNEL32.DLL
0x00007ff8a4a70000 - 0x00007ff8a4e16000 	C:\WINDOWS\System32\KERNELBASE.dll
0x00007ff8a4fe0000 - 0x00007ff8a50f1000 	C:\WINDOWS\System32\ucrtbase.dll
0x00007ff88c8b0000 - 0x00007ff88c8c7000 	c:\Users\User\.vscode\extensions\redhat.java-1.28.1-win32-x64\jre\17.0.10-win32-x86_64\bin\jli.dll
0x00007ff8a70d0000 - 0x00007ff8a727d000 	C:\WINDOWS\System32\USER32.dll
0x00007ff8a4e20000 - 0x00007ff8a4e46000 	C:\WINDOWS\System32\win32u.dll
0x00007ff8a68e0000 - 0x00007ff8a6909000 	C:\WINDOWS\System32\GDI32.dll
0x00007ff8a4ec0000 - 0x00007ff8a4fd8000 	C:\WINDOWS\System32\gdi32full.dll
0x00007ff8a47a0000 - 0x00007ff8a483a000 	C:\WINDOWS\System32\msvcp_win.dll
0x00007ff88b220000 - 0x00007ff88b23b000 	c:\Users\User\.vscode\extensions\redhat.java-1.28.1-win32-x64\jre\17.0.10-win32-x86_64\bin\VCRUNTIME140.dll
0x00007ff887730000 - 0x00007ff8879c3000 	C:\WINDOWS\WinSxS\amd64_microsoft.windows.common-controls_6595b64144ccf1df_6.0.22621.3235_none_270f74e173860f98\COMCTL32.dll
0x00007ff8a6ca0000 - 0x00007ff8a6d47000 	C:\WINDOWS\System32\msvcrt.dll
0x00007ff8a7050000 - 0x00007ff8a7081000 	C:\WINDOWS\System32\IMM32.DLL
0x00007ff89cb50000 - 0x00007ff89cb5c000 	c:\Users\User\.vscode\extensions\redhat.java-1.28.1-win32-x64\jre\17.0.10-win32-x86_64\bin\vcruntime140_1.dll
0x00007ff85d100000 - 0x00007ff85d18d000 	c:\Users\User\.vscode\extensions\redhat.java-1.28.1-win32-x64\jre\17.0.10-win32-x86_64\bin\msvcp140.dll
0x00007ffff92e0000 - 0x00007ffff9f42000 	c:\Users\User\.vscode\extensions\redhat.java-1.28.1-win32-x64\jre\17.0.10-win32-x86_64\bin\server\jvm.dll
0x00007ff8a6490000 - 0x00007ff8a6542000 	C:\WINDOWS\System32\ADVAPI32.dll
0x00007ff8a63e0000 - 0x00007ff8a6488000 	C:\WINDOWS\System32\sechost.dll
0x00007ff8a46f0000 - 0x00007ff8a4718000 	C:\WINDOWS\System32\bcrypt.dll
0x00007ff8a6d50000 - 0x00007ff8a6e65000 	C:\WINDOWS\System32\RPCRT4.dll
0x00007ff8a3580000 - 0x00007ff8a35cd000 	C:\WINDOWS\SYSTEM32\POWRPROF.dll
0x00007ff89cb30000 - 0x00007ff89cb39000 	C:\WINDOWS\SYSTEM32\WSOCK32.dll
0x00007ff8a69e0000 - 0x00007ff8a6a51000 	C:\WINDOWS\System32\WS2_32.dll
0x00007ff8a1490000 - 0x00007ff8a14c4000 	C:\WINDOWS\SYSTEM32\WINMM.dll
0x00007ff899310000 - 0x00007ff89931a000 	C:\WINDOWS\SYSTEM32\VERSION.dll
0x00007ff8a3560000 - 0x00007ff8a3573000 	C:\WINDOWS\SYSTEM32\UMPDC.dll
0x00007ff8a3820000 - 0x00007ff8a3838000 	C:\WINDOWS\SYSTEM32\kernel.appcore.dll
0x00007ff895eb0000 - 0x00007ff895eba000 	c:\Users\User\.vscode\extensions\redhat.java-1.28.1-win32-x64\jre\17.0.10-win32-x86_64\bin\jimage.dll
0x00007ff8a1b00000 - 0x00007ff8a1d33000 	C:\WINDOWS\SYSTEM32\DBGHELP.DLL
0x00007ff8a6550000 - 0x00007ff8a68d8000 	C:\WINDOWS\System32\combase.dll
0x00007ff8a6e70000 - 0x00007ff8a6f47000 	C:\WINDOWS\System32\OLEAUT32.dll
0x00007ff8a1450000 - 0x00007ff8a1482000 	C:\WINDOWS\SYSTEM32\dbgcore.DLL
0x00007ff8a4720000 - 0x00007ff8a479a000 	C:\WINDOWS\System32\bcryptPrimitives.dll
0x00007ff893fa0000 - 0x00007ff893fae000 	c:\Users\User\.vscode\extensions\redhat.java-1.28.1-win32-x64\jre\17.0.10-win32-x86_64\bin\instrument.dll
0x00007ff88b1f0000 - 0x00007ff88b215000 	c:\Users\User\.vscode\extensions\redhat.java-1.28.1-win32-x64\jre\17.0.10-win32-x86_64\bin\java.dll
0x00007ff885c20000 - 0x00007ff885c38000 	c:\Users\User\.vscode\extensions\redhat.java-1.28.1-win32-x64\jre\17.0.10-win32-x86_64\bin\zip.dll
0x00007ff8a5a80000 - 0x00007ff8a62dd000 	C:\WINDOWS\System32\SHELL32.dll
0x00007ff8a2660000 - 0x00007ff8a2f58000 	C:\WINDOWS\SYSTEM32\windows.storage.dll
0x00007ff8a2520000 - 0x00007ff8a265e000 	C:\WINDOWS\SYSTEM32\wintypes.dll
0x00007ff8a62e0000 - 0x00007ff8a63d3000 	C:\WINDOWS\System32\SHCORE.dll
0x00007ff8a6a60000 - 0x00007ff8a6abe000 	C:\WINDOWS\System32\shlwapi.dll
0x00007ff8a4620000 - 0x00007ff8a4646000 	C:\WINDOWS\SYSTEM32\profapi.dll
0x00007ff884dc0000 - 0x00007ff884dd9000 	C:\Users\User\.vscode\extensions\redhat.java-1.28.1-win32-x64\jre\17.0.10-win32-x86_64\bin\net.dll
0x00007ff89b7f0000 - 0x00007ff89b927000 	C:\WINDOWS\SYSTEM32\WINHTTP.dll
0x00007ff8a3ca0000 - 0x00007ff8a3d09000 	C:\WINDOWS\system32\mswsock.dll
0x00007ff872a20000 - 0x00007ff872a36000 	C:\Users\User\.vscode\extensions\redhat.java-1.28.1-win32-x64\jre\17.0.10-win32-x86_64\bin\nio.dll
0x00007ff892710000 - 0x00007ff892720000 	c:\Users\User\.vscode\extensions\redhat.java-1.28.1-win32-x64\jre\17.0.10-win32-x86_64\bin\verify.dll
0x00007ff863600000 - 0x00007ff86363e000 	C:\Users\User\AppData\Roaming\Code\User\globalStorage\redhat.java\1.28.1\config_win\org.eclipse.equinox.launcher\org.eclipse.equinox.launcher.win32.win32.x86_64_1.2.900.v20240129-1338\eclipse_11900.dll
0x00007ff8a5100000 - 0x00007ff8a529f000 	C:\WINDOWS\System32\ole32.dll
0x00007ff8a3ef0000 - 0x00007ff8a3f0b000 	C:\WINDOWS\SYSTEM32\CRYPTSP.dll
0x00007ff8a3780000 - 0x00007ff8a37b5000 	C:\WINDOWS\system32\rsaenh.dll
0x00007ff8a3d90000 - 0x00007ff8a3dbc000 	C:\WINDOWS\SYSTEM32\USERENV.dll
0x00007ff8a3f10000 - 0x00007ff8a3f1c000 	C:\WINDOWS\SYSTEM32\CRYPTBASE.dll
0x00007ff8a3270000 - 0x00007ff8a329d000 	C:\WINDOWS\SYSTEM32\IPHLPAPI.DLL
0x00007ff8a52a0000 - 0x00007ff8a52a9000 	C:\WINDOWS\System32\NSI.dll
0x00007ff89b010000 - 0x00007ff89b029000 	C:\WINDOWS\SYSTEM32\dhcpcsvc6.DLL
0x00007ff89aff0000 - 0x00007ff89b00f000 	C:\WINDOWS\SYSTEM32\dhcpcsvc.DLL
0x00007ff8a32a0000 - 0x00007ff8a3399000 	C:\WINDOWS\SYSTEM32\DNSAPI.dll
0x00007ff860040000 - 0x00007ff860085000 	C:\Users\User\AppData\Local\Temp\jna-2645995\jna14202306303803878819.dll
0x00007ff8a7090000 - 0x00007ff8a7098000 	C:\WINDOWS\System32\PSAPI.DLL
0x00007ff892a60000 - 0x00007ff892a6e000 	C:\Users\User\.vscode\extensions\redhat.java-1.28.1-win32-x64\jre\17.0.10-win32-x86_64\bin\sunmscapi.dll
0x00007ff8a4840000 - 0x00007ff8a49a6000 	C:\WINDOWS\System32\CRYPT32.dll
0x00007ff8a40b0000 - 0x00007ff8a40de000 	C:\WINDOWS\SYSTEM32\ncrypt.dll
0x00007ff8a4070000 - 0x00007ff8a40a7000 	C:\WINDOWS\SYSTEM32\NTASN1.dll
0x00007ff8a3840000 - 0x00007ff8a3874000 	C:\WINDOWS\SYSTEM32\ntmarta.dll
0x00007ff893ce0000 - 0x00007ff893ce8000 	C:\WINDOWS\system32\wshunix.dll
0x00007ff89cc20000 - 0x00007ff89cc29000 	C:\Users\User\.vscode\extensions\redhat.java-1.28.1-win32-x64\jre\17.0.10-win32-x86_64\bin\extnet.dll
0x00007ff898260000 - 0x00007ff89826a000 	C:\Windows\System32\rasadhlp.dll
0x00007ff898360000 - 0x00007ff8983e3000 	C:\WINDOWS\System32\fwpuclnt.dll

dbghelp: loaded successfully - version: 4.0.5 - missing functions: none
symbol engine: initialized successfully - sym options: 0x614 - pdb path: .;c:\Users\User\.vscode\extensions\redhat.java-1.28.1-win32-x64\jre\17.0.10-win32-x86_64\bin;C:\WINDOWS\SYSTEM32;C:\WINDOWS\WinSxS\amd64_microsoft.windows.common-controls_6595b64144ccf1df_6.0.22621.3235_none_270f74e173860f98;c:\Users\User\.vscode\extensions\redhat.java-1.28.1-win32-x64\jre\17.0.10-win32-x86_64\bin\server;C:\Users\User\AppData\Roaming\Code\User\globalStorage\redhat.java\1.28.1\config_win\org.eclipse.equinox.launcher\org.eclipse.equinox.launcher.win32.win32.x86_64_1.2.900.v20240129-1338;C:\Users\User\AppData\Local\Temp\jna-2645995

VM Arguments:
jvm_args: --add-modules=ALL-SYSTEM --add-opens=java.base/java.util=ALL-UNNAMED --add-opens=java.base/java.lang=ALL-UNNAMED --add-opens=java.base/sun.nio.fs=ALL-UNNAMED -Declipse.application=org.eclipse.jdt.ls.core.id1 -Dosgi.bundles.defaultStartLevel=4 -Declipse.product=org.eclipse.jdt.ls.core.product -Djava.import.generatesMetadataFilesAtProjectRoot=false -DDetectVMInstallationsJob.disabled=true -Dfile.encoding=utf8 -XX:+UseParallelGC -XX:GCTimeRatio=4 -XX:AdaptiveSizePolicyWeight=90 -Dsun.zip.disableMemoryMapping=true -Xmx1G -Xms100m -Xlog:disable -javaagent:c:\Users\User\.vscode\extensions\redhat.java-1.28.1-win32-x64\lombok\lombok-1.18.31.jar -XX:+HeapDumpOnOutOfMemoryError -XX:HeapDumpPath=c:\Users\User\AppData\Roaming\Code\User\workspaceStorage\9bc96d506b14e57339dd0c89e37d1bcd\redhat.java -Daether.dependencyCollector.impl=bf 
java_command: c:\Users\User\.vscode\extensions\redhat.java-1.28.1-win32-x64\server\plugins\org.eclipse.equinox.launcher_1.6.700.v20231214-2017.jar -configuration c:\Users\User\AppData\Roaming\Code\User\globalStorage\redhat.java\1.28.1\config_win -data c:\Users\User\AppData\Roaming\Code\User\workspaceStorage\9bc96d506b14e57339dd0c89e37d1bcd\redhat.java\jdt_ws --stdio
java_class_path (initial): c:\Users\User\.vscode\extensions\redhat.java-1.28.1-win32-x64\server\plugins\org.eclipse.equinox.launcher_1.6.700.v20231214-2017.jar
Launcher Type: SUN_STANDARD

[Global flags]
    uintx AdaptiveSizePolicyWeight                 = 90                                        {product} {command line}
     intx CICompilerCount                          = 4                                         {product} {ergonomic}
    uintx GCTimeRatio                              = 4                                         {product} {command line}
     bool HeapDumpOnOutOfMemoryError               = true                                   {manageable} {command line}
    ccstr HeapDumpPath                             = c:\Users\User\AppData\Roaming\Code\User\workspaceStorage\9bc96d506b14e57339dd0c89e37d1bcd\redhat.java         {manageable} {command line}
   size_t InitialHeapSize                          = 104857600                                 {product} {command line}
   size_t MaxHeapSize                              = 1073741824                                {product} {command line}
   size_t MaxNewSize                               = 357564416                                 {product} {ergonomic}
   size_t MinHeapDeltaBytes                        = 524288                                    {product} {ergonomic}
   size_t MinHeapSize                              = 104857600                                 {product} {command line}
   size_t NewSize                                  = 34603008                                  {product} {ergonomic}
    uintx NonNMethodCodeHeapSize                   = 5839372                                {pd product} {ergonomic}
    uintx NonProfiledCodeHeapSize                  = 122909434                              {pd product} {ergonomic}
   size_t OldSize                                  = 70254592                                  {product} {ergonomic}
    uintx ProfiledCodeHeapSize                     = 122909434                              {pd product} {ergonomic}
    uintx ReservedCodeCacheSize                    = 251658240                              {pd product} {ergonomic}
     bool SegmentedCodeCache                       = true                                      {product} {ergonomic}
   size_t SoftMaxHeapSize                          = 1073741824                             {manageable} {ergonomic}
     bool UseCompressedClassPointers               = true                           {product lp64_product} {ergonomic}
     bool UseCompressedOops                        = true                           {product lp64_product} {ergonomic}
     bool UseLargePagesIndividualAllocation        = false                                  {pd product} {ergonomic}
     bool UseParallelGC                            = true                                      {product} {command line}

Logging:
Log output configuration:
 #0: stdout all=off uptime,level,tags
 #1: stderr all=off uptime,level,tags

Environment Variables:
JAVA_HOME=C:\jdk-21.0.2
PATH=C:\WINDOWS\system32;C:\WINDOWS;C:\WINDOWS\System32\Wbem;C:\jdk-21.0.2\bin;C:\WINDOWS\System32\WindowsPowerShell\v1.0\;C:\WINDOWS\System32\OpenSSH\;C:\Program Files\Git\cmd;C:\maven\bin;C:\jdk-21.0.2\bin\bin;C:\Program Files\dotnet\;C:\Users\User\AppData\Local\Microsoft\WindowsApps;;C:\Users\User\AppData\Local\Programs\Microsoft VS Code\bin
USERNAME=User
OS=Windows_NT
PROCESSOR_IDENTIFIER=Intel64 Family 6 Model 140 Stepping 1, GenuineIntel
TMP=C:\Users\User\AppData\Local\Temp
TEMP=C:\Users\User\AppData\Local\Temp



Periodic native trim disabled


---------------  S Y S T E M  ---------------

OS:
 Windows 11 , 64 bit Build 22621 (10.0.22621.3235)
OS uptime: 1 days 20:52 hours

CPU: total 8 (initial active 8) (4 cores per cpu, 2 threads per core) family 6 model 140 stepping 1 microcode 0xb4, cx8, cmov, fxsr, ht, mmx, 3dnowpref, sse, sse2, sse3, ssse3, sse4.1, sse4.2, popcnt, lzcnt, tsc, tscinvbit, avx, avx2, aes, erms, clmul, bmi1, bmi2, adx, avx512f, avx512dq, avx512cd, avx512bw, avx512vl, sha, fma, vzeroupper, avx512_vpopcntdq, avx512_vpclmulqdq, avx512_vaes, avx512_vnni, clflush, clflushopt, clwb, avx512_vbmi2, avx512_vbmi
Processor Information for all 8 processors :
  Max Mhz: 1382, Current Mhz: 1382, Mhz Limit: 1382

Memory: 4k page, system-wide physical 16118M (860M free)
TotalPageFile size 46395M (AvailPageFile size 0M)
current process WorkingSet (physical memory assigned to process): 131M, peak: 531M
current process commit charge ("private bytes"): 536M, peak: 638M

vm_info: OpenJDK 64-Bit Server VM (17.0.10+7) for windows-amd64 JRE (17.0.10+7), built on Jan 16 2024 23:25:11 by "admin" with MS VC++ 16.10 / 16.11 (VS2019)

END.
